2022-07-16 17:56:49.558493|INFO    |VirtualServerBase|1  |listening on 0.0.0.0:9987, [::]:9987
2022-07-16 17:56:49.559490|WARNING |VirtualServer |1  |--------------------------------------------------------
2022-07-16 17:56:49.559490|WARNING |VirtualServer |1  |ServerAdmin privilege key created, please use the line below
2022-07-16 17:56:49.559490|WARNING |VirtualServer |1  |token=fIJb2QOxcMAPg+648awNmRRxyvba7cpacMhAd2rR
2022-07-16 17:56:49.559490|WARNING |VirtualServer |1  |--------------------------------------------------------
2022-07-16 17:58:29.026608|INFO    |VirtualServer |1  |client '_HUBE_'(id:3) was added to servergroup 'Server Admin'(id:6) by client 'server'(id:0)
2022-07-16 17:58:29.027606|INFO    |VirtualServer |1  |client '_HUBE_'(id:3) used privilege key 'fIJb2QOxcMAPg+648awNmRRxyvba7cpacMhAd2rR' and was added to servergroup 'Server Admin'(id:6)
2022-07-16 17:58:57.177209|INFO    |VirtualServer |1  |client '_HUBE_'(id:3) added privilege key for servergroup 'Server Admin'(id:6)
2022-07-16 17:59:09.679812|INFO    |VirtualServer |1  |client '_HUBE_'(id:3) added privilege key for servergroup 'Server Admin'(id:6)
2022-07-16 17:59:20.964807|INFO    |VirtualServer |1  |client '_HUBE_'(id:3) added privilege key for servergroup 'Server Admin'(id:6)
2022-07-16 18:18:14.925073|INFO    |VirtualServer |1  |permission 'i_icon_id'(id:145) with values (value:582334931, negated:0, skipchannel:0) was added by '_HUBE_'(id:3) to servergroup 'Server Admin'(id:6)
2022-07-16 18:18:33.773180|INFO    |VirtualServer |1  |servergroup 'Server Admin'(id:6) was renamed to 'Main Server Admin' by '_HUBE_'(id:3)
2022-07-16 18:18:41.861054|INFO    |VirtualServer |1  |servergroup 'Main Server Admin'(id:6) was copied by '_HUBE_'(id:3) to ' Server Admin'(id:9)
2022-07-16 18:18:57.055673|INFO    |VirtualServer |1  |permission 'i_icon_id'(id:145) with values (value:-1527968303, negated:0, skipchannel:0) was added by '_HUBE_'(id:3) to servergroup ' Server Admin'(id:9)
2022-07-16 18:19:44.852182|INFO    |VirtualServer |1  |permission 'i_channel_delete_power'(id:132) with values (value:60, negated:0, skipchannel:0) was added by '_HUBE_'(id:3) to servergroup ' Server Admin'(id:9)
2022-07-16 18:20:07.377527|INFO    |VirtualServer |1  |servergroup 'Normal'(id:7) was deleted by '_HUBE_'(id:3)
2022-07-16 18:20:55.969462|INFO    |VirtualServer |1  |permission 'b_channel_create_with_needed_talk_power'(id:104) was deleted by '_HUBE_'(id:3) from servergroup 'Guest'(id:8)
2022-07-16 18:20:55.969462|INFO    |VirtualServer |1  |permission 'i_channel_max_depth'(id:83) was deleted by '_HUBE_'(id:3) from servergroup 'Guest'(id:8)
2022-07-16 18:20:55.970458|INFO    |VirtualServer |1  |permission 'b_channel_create_temporary'(id:91) was deleted by '_HUBE_'(id:3) from servergroup 'Guest'(id:8)
2022-07-16 18:20:55.970458|INFO    |VirtualServer |1  |permission 'b_channel_create_modify_with_codec_opusvoice'(id:96) was deleted by '_HUBE_'(id:3) from servergroup 'Guest'(id:8)
2022-07-16 18:20:55.971455|INFO    |VirtualServer |1  |permission 'b_channel_create_with_topic'(id:92) was deleted by '_HUBE_'(id:3) from servergroup 'Guest'(id:8)
2022-07-16 18:20:55.971455|INFO    |VirtualServer |1  |permission 'i_channel_create_modify_with_codec_latency_factor_min'(id:99) was deleted by '_HUBE_'(id:3) from servergroup 'Guest'(id:8)
2022-07-16 18:20:55.971455|INFO    |VirtualServer |1  |permission 'i_channel_create_modify_with_codec_maxquality'(id:98) was deleted by '_HUBE_'(id:3) from servergroup 'Guest'(id:8)
2022-07-16 18:20:55.972452|INFO    |VirtualServer |1  |permission 'b_channel_create_with_password'(id:94) was deleted by '_HUBE_'(id:3) from servergroup 'Guest'(id:8)
2022-07-16 18:20:55.972452|INFO    |VirtualServer |1  |permission 'b_channel_create_with_maxclients'(id:100) was deleted by '_HUBE_'(id:3) from servergroup 'Guest'(id:8)
2022-07-16 18:24:29.502437|INFO    |VirtualServer |1  |permission 'i_needed_modify_power_channel_join_permanent'(id:32902) with values (value:75, negated:0, skipchannel:0) was added by '_HUBE_'(id:3) to servergroup 'Guest'(id:8)
2022-07-16 18:26:27.738670|INFO    |VirtualServer |1  |permission 'i_needed_modify_power_channel_join_permanent'(id:32902) with values (value:15, negated:0, skipchannel:0) was added by '_HUBE_'(id:3) to servergroup 'Guest'(id:8)
2022-07-16 18:26:32.887660|INFO    |VirtualServer |1  |permission 'i_needed_modify_power_channel_join_semi_permanent'(id:32903) with values (value:0, negated:0, skipchannel:0) was added by '_HUBE_'(id:3) to servergroup 'Guest'(id:8)
2022-07-16 18:26:35.657598|INFO    |VirtualServer |1  |permission 'i_needed_modify_power_channel_join_temporary'(id:32904) with values (value:0, negated:0, skipchannel:0) was added by '_HUBE_'(id:3) to servergroup 'Guest'(id:8)
2022-07-16 18:27:05.475264|INFO    |VirtualServer |1  |permission 'i_client_max_avatar_filesize'(id:178) was deleted by '_HUBE_'(id:3) from servergroup 'Guest'(id:8)
2022-07-16 18:27:55.770936|INFO    |VirtualServer |1  |servergroup 'PLAYER'(id:10) was added by '_HUBE_'(id:3)
2022-07-16 18:27:55.811862|INFO    |VirtualServer |1  |permission 'i_group_auto_update_type'(id:149) with values (value:45, negated:0, skipchannel:0) was added by '_HUBE_'(id:3) to servergroup 'PLAYER'(id:10)
2022-07-16 18:27:55.811862|INFO    |VirtualServer |1  |permission 'i_client_talk_power'(id:221) with values (value:75, negated:0, skipchannel:0) was added by '_HUBE_'(id:3) to servergroup 'PLAYER'(id:10)
2022-07-16 18:27:55.811862|INFO    |VirtualServer |1  |permission 'i_client_poke_power'(id:223) with values (value:75, negated:0, skipchannel:0) was added by '_HUBE_'(id:3) to servergroup 'PLAYER'(id:10)
2022-07-16 18:27:55.811862|INFO    |VirtualServer |1  |permission 'i_client_max_clones_uid'(id:176) with values (value:10, negated:0, skipchannel:0) was added by '_HUBE_'(id:3) to servergroup 'PLAYER'(id:10)
2022-07-16 18:27:55.811862|INFO    |VirtualServer |1  |permission 'b_client_ignore_antiflood'(id:184) with values (value:1, negated:0, skipchannel:0) was added by '_HUBE_'(id:3) to servergroup 'PLAYER'(id:10)
2022-07-16 18:27:55.811862|INFO    |VirtualServer |1  |permission 'b_channel_join_permanent'(id:134) with values (value:1, negated:0, skipchannel:0) was added by '_HUBE_'(id:3) to servergroup 'PLAYER'(id:10)
2022-07-16 18:27:55.811862|INFO    |VirtualServer |1  |permission 'b_channel_join_semi_permanent'(id:135) with values (value:1, negated:0, skipchannel:0) was added by '_HUBE_'(id:3) to servergroup 'PLAYER'(id:10)
2022-07-16 18:27:55.812824|INFO    |VirtualServer |1  |permission 'b_channel_join_temporary'(id:136) with values (value:1, negated:0, skipchannel:0) was added by '_HUBE_'(id:3) to servergroup 'PLAYER'(id:10)
2022-07-16 18:27:55.812824|INFO    |VirtualServer |1  |permission 'b_channel_join_ignore_password'(id:137) with values (value:1, negated:0, skipchannel:0) was added by '_HUBE_'(id:3) to servergroup 'PLAYER'(id:10)
2022-07-16 18:27:55.812824|INFO    |VirtualServer |1  |permission 'b_channel_join_ignore_maxclients'(id:138) with values (value:1, negated:0, skipchannel:0) was added by '_HUBE_'(id:3) to servergroup 'PLAYER'(id:10)
2022-07-16 18:27:55.812824|INFO    |VirtualServer |1  |permission 'i_channel_join_power'(id:139) with values (value:75, negated:0, skipchannel:0) was added by '_HUBE_'(id:3) to servergroup 'PLAYER'(id:10)
2022-07-16 18:27:55.812824|INFO    |VirtualServer |1  |permission 'b_virtualserver_token_use'(id:40) with values (value:1, negated:0, skipchannel:0) was added by '_HUBE_'(id:3) to servergroup 'PLAYER'(id:10)
2022-07-16 18:27:55.812824|INFO    |VirtualServer |1  |permission 'i_channel_description_view_power'(id:143) with values (value:75, negated:0, skipchannel:0) was added by '_HUBE_'(id:3) to servergroup 'PLAYER'(id:10)
2022-07-16 18:27:55.812824|INFO    |VirtualServer |1  |permission 'b_client_permissionoverview_view'(id:192) with values (value:1, negated:0, skipchannel:0) was added by '_HUBE_'(id:3) to servergroup 'PLAYER'(id:10)
2022-07-16 18:27:55.812824|INFO    |VirtualServer |1  |permission 'b_client_permissionoverview_own'(id:193) with values (value:1, negated:0, skipchannel:0) was added by '_HUBE_'(id:3) to servergroup 'PLAYER'(id:10)
2022-07-16 18:27:55.813830|INFO    |VirtualServer |1  |permission 'b_client_remoteaddress_view'(id:194) with values (value:1, negated:0, skipchannel:0) was added by '_HUBE_'(id:3) to servergroup 'PLAYER'(id:10)
2022-07-16 18:27:55.813830|INFO    |VirtualServer |1  |permission 'i_client_serverquery_view_power'(id:195) with values (value:75, negated:0, skipchannel:0) was added by '_HUBE_'(id:3) to servergroup 'PLAYER'(id:10)
2022-07-16 18:27:55.813830|INFO    |VirtualServer |1  |permission 'i_client_needed_serverquery_view_power'(id:196) with values (value:75, negated:0, skipchannel:0) was added by '_HUBE_'(id:3) to servergroup 'PLAYER'(id:10)
2022-07-16 18:27:55.813830|INFO    |VirtualServer |1  |permission 'i_client_needed_complain_power'(id:207) with values (value:75, negated:0, skipchannel:0) was added by '_HUBE_'(id:3) to servergroup 'PLAYER'(id:10)
2022-07-16 18:27:55.813830|INFO    |VirtualServer |1  |permission 'i_client_needed_ban_power'(id:203) with values (value:75, negated:0, skipchannel:0) was added by '_HUBE_'(id:3) to servergroup 'PLAYER'(id:10)
2022-07-16 18:27:55.813830|INFO    |VirtualServer |1  |permission 'i_client_needed_kick_from_server_power'(id:199) with values (value:75, negated:0, skipchannel:0) was added by '_HUBE_'(id:3) to servergroup 'PLAYER'(id:10)
2022-07-16 18:27:55.813830|INFO    |VirtualServer |1  |permission 'i_client_needed_kick_from_channel_power'(id:201) with values (value:75, negated:0, skipchannel:0) was added by '_HUBE_'(id:3) to servergroup 'PLAYER'(id:10)
2022-07-16 18:27:55.813830|INFO    |VirtualServer |1  |permission 'i_group_modify_power'(id:164) with values (value:75, negated:0, skipchannel:0) was added by '_HUBE_'(id:3) to servergroup 'PLAYER'(id:10)
2022-07-16 18:27:55.814820|INFO    |VirtualServer |1  |permission 'i_permission_modify_power'(id:170) with values (value:75, negated:0, skipchannel:0) was added by '_HUBE_'(id:3) to servergroup 'PLAYER'(id:10)
2022-07-16 18:27:55.814820|INFO    |VirtualServer |1  |permission 'i_client_permission_modify_power'(id:174) with values (value:75, negated:0, skipchannel:0) was added by '_HUBE_'(id:3) to servergroup 'PLAYER'(id:10)
2022-07-16 18:27:55.814820|INFO    |VirtualServer |1  |permission 'i_client_needed_permission_modify_power'(id:175) with values (value:75, negated:0, skipchannel:0) was added by '_HUBE_'(id:3) to servergroup 'PLAYER'(id:10)
2022-07-16 18:27:55.814820|INFO    |VirtualServer |1  |permission 'b_virtualserver_connectioninfo_view'(id:26) with values (value:1, negated:0, skipchannel:0) was added by '_HUBE_'(id:3) to servergroup 'PLAYER'(id:10)
2022-07-16 18:27:55.814820|INFO    |VirtualServer |1  |permission 'i_channel_modify_power'(id:124) with values (value:75, negated:0, skipchannel:0) was added by '_HUBE_'(id:3) to servergroup 'PLAYER'(id:10)
2022-07-16 18:27:55.814820|INFO    |VirtualServer |1  |permission 'b_client_complain_list'(id:208) with values (value:1, negated:0, skipchannel:0) was added by '_HUBE_'(id:3) to servergroup 'PLAYER'(id:10)
2022-07-16 18:27:55.814820|INFO    |VirtualServer |1  |permission 'i_needed_modify_power_client_whisper_power'(id:32994) with values (value:75, negated:0, skipchannel:0) was added by '_HUBE_'(id:3) to servergroup 'PLAYER'(id:10)
2022-07-16 18:27:55.814820|INFO    |VirtualServer |1  |permission 'i_needed_modify_power_client_needed_whisper_power'(id:32995) with values (value:75, negated:0, skipchannel:0) was added by '_HUBE_'(id:3) to servergroup 'PLAYER'(id:10)
2022-07-16 18:27:55.814820|INFO    |VirtualServer |1  |permission 'i_needed_modify_power_channel_needed_delete_power'(id:32901) with values (value:75, negated:0, skipchannel:0) was added by '_HUBE_'(id:3) to servergroup 'PLAYER'(id:10)
2022-07-16 18:27:55.815819|INFO    |VirtualServer |1  |permission 'i_channel_permission_modify_power'(id:85) with values (value:75, negated:0, skipchannel:0) was added by '_HUBE_'(id:3) to servergroup 'PLAYER'(id:10)
2022-07-16 18:27:55.815819|INFO    |VirtualServer |1  |permission 'i_needed_modify_power_channel_needed_permission_modify_power'(id:32854) with values (value:75, negated:0, skipchannel:0) was added by '_HUBE_'(id:3) to servergroup 'PLAYER'(id:10)
2022-07-16 18:27:55.815819|INFO    |VirtualServer |1  |permission 'i_needed_modify_power_group_sort_id'(id:32919) with values (value:75, negated:0, skipchannel:0) was added by '_HUBE_'(id:3) to servergroup 'PLAYER'(id:10)
2022-07-16 18:27:55.815819|INFO    |VirtualServer |1  |permission 'i_needed_modify_power_group_show_name_in_tree'(id:32920) with values (value:75, negated:0, skipchannel:0) was added by '_HUBE_'(id:3) to servergroup 'PLAYER'(id:10)
2022-07-16 18:27:55.815819|INFO    |VirtualServer |1  |permission 'i_needed_modify_power_icon_id'(id:32913) with values (value:75, negated:0, skipchannel:0) was added by '_HUBE_'(id:3) to servergroup 'PLAYER'(id:10)
2022-07-16 18:27:55.815819|INFO    |VirtualServer |1  |permission 'i_client_needed_move_power'(id:205) with values (value:75, negated:0, skipchannel:0) was added by '_HUBE_'(id:3) to servergroup 'PLAYER'(id:10)
2022-07-16 18:27:55.815819|INFO    |VirtualServer |1  |permission 'b_client_skip_channelgroup_permissions'(id:181) with values (value:1, negated:0, skipchannel:0) was added by '_HUBE_'(id:3) to servergroup 'PLAYER'(id:10)
2022-07-16 18:27:55.816814|INFO    |VirtualServer |1  |permission 'b_virtualserver_join_ignore_password'(id:46) with values (value:1, negated:0, skipchannel:0) was added by '_HUBE_'(id:3) to servergroup 'PLAYER'(id:10)
2022-07-16 18:27:55.816814|INFO    |VirtualServer |1  |permission 'b_virtualserver_modify_name'(id:52) with values (value:1, negated:0, skipchannel:0) was added by '_HUBE_'(id:3) to servergroup 'PLAYER'(id:10)
2022-07-16 18:27:55.816814|INFO    |VirtualServer |1  |permission 'b_virtualserver_modify_nickname'(id:80) with values (value:1, negated:0, skipchannel:0) was added by '_HUBE_'(id:3) to servergroup 'PLAYER'(id:10)
2022-07-16 18:27:55.816814|INFO    |VirtualServer |1  |permission 'b_virtualserver_modify_welcomemessage'(id:53) with values (value:1, negated:0, skipchannel:0) was added by '_HUBE_'(id:3) to servergroup 'PLAYER'(id:10)
2022-07-16 18:27:55.816814|INFO    |VirtualServer |1  |permission 'b_virtualserver_modify_password'(id:56) with values (value:1, negated:0, skipchannel:0) was added by '_HUBE_'(id:3) to servergroup 'PLAYER'(id:10)
2022-07-16 18:27:55.816814|INFO    |VirtualServer |1  |permission 'b_virtualserver_modify_icon_id'(id:74) with values (value:1, negated:0, skipchannel:0) was added by '_HUBE_'(id:3) to servergroup 'PLAYER'(id:10)
2022-07-16 18:27:55.816814|INFO    |VirtualServer |1  |permission 'b_virtualserver_modify_weblist'(id:75) with values (value:1, negated:0, skipchannel:0) was added by '_HUBE_'(id:3) to servergroup 'PLAYER'(id:10)
2022-07-16 18:27:55.817811|INFO    |VirtualServer |1  |permission 'b_virtualserver_modify_codec_encryption_mode'(id:76) with values (value:1, negated:0, skipchannel:0) was added by '_HUBE_'(id:3) to servergroup 'PLAYER'(id:10)
2022-07-16 18:27:55.817811|INFO    |VirtualServer |1  |permission 'b_client_use_reserved_slot'(id:185) with values (value:1, negated:0, skipchannel:0) was added by '_HUBE_'(id:3) to servergroup 'PLAYER'(id:10)
2022-07-16 18:27:55.817811|INFO    |VirtualServer |1  |permission 'b_virtualserver_log_view'(id:44) with values (value:1, negated:0, skipchannel:0) was added by '_HUBE_'(id:3) to servergroup 'PLAYER'(id:10)
2022-07-16 18:27:55.817811|INFO    |VirtualServer |1  |permission 'b_virtualserver_client_dblist'(id:31) with values (value:1, negated:0, skipchannel:0) was added by '_HUBE_'(id:3) to servergroup 'PLAYER'(id:10)
2022-07-16 18:27:55.817811|INFO    |VirtualServer |1  |permission 'b_virtualserver_servergroup_create'(id:162) with values (value:1, negated:0, skipchannel:0) was added by '_HUBE_'(id:3) to servergroup 'PLAYER'(id:10)
2022-07-16 18:27:55.817811|INFO    |VirtualServer |1  |permission 'b_virtualserver_channelgroup_create'(id:163) with values (value:1, negated:0, skipchannel:0) was added by '_HUBE_'(id:3) to servergroup 'PLAYER'(id:10)
2022-07-16 18:27:55.817811|INFO    |VirtualServer |1  |permission 'b_virtualserver_servergroup_delete'(id:172) with values (value:1, negated:0, skipchannel:0) was added by '_HUBE_'(id:3) to servergroup 'PLAYER'(id:10)
2022-07-16 18:27:55.818814|INFO    |VirtualServer |1  |permission 'b_virtualserver_channelgroup_delete'(id:173) with values (value:1, negated:0, skipchannel:0) was added by '_HUBE_'(id:3) to servergroup 'PLAYER'(id:10)
2022-07-16 18:27:55.818814|INFO    |VirtualServer |1  |permission 'b_icon_manage'(id:147) with values (value:1, negated:0, skipchannel:0) was added by '_HUBE_'(id:3) to servergroup 'PLAYER'(id:10)
2022-07-16 18:27:55.818814|INFO    |VirtualServer |1  |permission 'i_max_icon_filesize'(id:146) with values (value:8192, negated:0, skipchannel:0) was added by '_HUBE_'(id:3) to servergroup 'PLAYER'(id:10)
2022-07-16 18:27:55.818814|INFO    |VirtualServer |1  |permission 'b_virtualserver_servergroup_permission_list'(id:154) with values (value:1, negated:0, skipchannel:0) was added by '_HUBE_'(id:3) to servergroup 'PLAYER'(id:10)
2022-07-16 18:27:55.818814|INFO    |VirtualServer |1  |permission 'b_virtualserver_channelgroup_permission_list'(id:157) with values (value:1, negated:0, skipchannel:0) was added by '_HUBE_'(id:3) to servergroup 'PLAYER'(id:10)
2022-07-16 18:27:55.818814|INFO    |VirtualServer |1  |permission 'b_virtualserver_client_permission_list'(id:159) with values (value:1, negated:0, skipchannel:0) was added by '_HUBE_'(id:3) to servergroup 'PLAYER'(id:10)
2022-07-16 18:27:55.819822|INFO    |VirtualServer |1  |permission 'b_virtualserver_channel_permission_list'(id:160) with values (value:1, negated:0, skipchannel:0) was added by '_HUBE_'(id:3) to servergroup 'PLAYER'(id:10)
2022-07-16 18:27:55.819822|INFO    |VirtualServer |1  |permission 'b_virtualserver_channelclient_permission_list'(id:161) with values (value:1, negated:0, skipchannel:0) was added by '_HUBE_'(id:3) to servergroup 'PLAYER'(id:10)
2022-07-16 18:27:55.819822|INFO    |VirtualServer |1  |permission 'b_virtualserver_servergroup_client_list'(id:155) with values (value:1, negated:0, skipchannel:0) was added by '_HUBE_'(id:3) to servergroup 'PLAYER'(id:10)
2022-07-16 18:27:55.819822|INFO    |VirtualServer |1  |permission 'b_virtualserver_channelgroup_client_list'(id:158) with values (value:1, negated:0, skipchannel:0) was added by '_HUBE_'(id:3) to servergroup 'PLAYER'(id:10)
2022-07-16 18:27:55.819822|INFO    |VirtualServer |1  |permission 'b_virtualserver_token_list'(id:38) with values (value:1, negated:0, skipchannel:0) was added by '_HUBE_'(id:3) to servergroup 'PLAYER'(id:10)
2022-07-16 18:27:55.819822|INFO    |VirtualServer |1  |permission 'b_virtualserver_token_add'(id:39) with values (value:1, negated:0, skipchannel:0) was added by '_HUBE_'(id:3) to servergroup 'PLAYER'(id:10)
2022-07-16 18:27:55.819822|INFO    |VirtualServer |1  |permission 'b_virtualserver_token_delete'(id:41) with values (value:1, negated:0, skipchannel:0) was added by '_HUBE_'(id:3) to servergroup 'PLAYER'(id:10)
2022-07-16 18:27:55.820805|INFO    |VirtualServer |1  |permission 'i_group_member_add_power'(id:166) with values (value:75, negated:0, skipchannel:0) was added by '_HUBE_'(id:3) to servergroup 'PLAYER'(id:10)
2022-07-16 18:27:55.820805|INFO    |VirtualServer |1  |permission 'i_group_member_remove_power'(id:168) with values (value:75, negated:0, skipchannel:0) was added by '_HUBE_'(id:3) to servergroup 'PLAYER'(id:10)
2022-07-16 18:27:55.820805|INFO    |VirtualServer |1  |permission 'b_client_modify_description'(id:228) with values (value:1, negated:0, skipchannel:0) was added by '_HUBE_'(id:3) to servergroup 'PLAYER'(id:10)
2022-07-16 18:27:55.820805|INFO    |VirtualServer |1  |permission 'b_client_modify_own_description'(id:229) with values (value:1, negated:0, skipchannel:0) was added by '_HUBE_'(id:3) to servergroup 'PLAYER'(id:10)
2022-07-16 18:27:55.820805|INFO    |VirtualServer |1  |permission 'b_client_set_flag_talker'(id:225) with values (value:1, negated:0, skipchannel:0) was added by '_HUBE_'(id:3) to servergroup 'PLAYER'(id:10)
2022-07-16 18:27:55.820805|INFO    |VirtualServer |1  |permission 'i_client_move_power'(id:204) with values (value:75, negated:0, skipchannel:0) was added by '_HUBE_'(id:3) to servergroup 'PLAYER'(id:10)
2022-07-16 18:27:55.820805|INFO    |VirtualServer |1  |permission 'i_client_kick_from_channel_power'(id:200) with values (value:75, negated:0, skipchannel:0) was added by '_HUBE_'(id:3) to servergroup 'PLAYER'(id:10)
2022-07-16 18:27:55.820805|INFO    |VirtualServer |1  |permission 'i_client_ban_power'(id:202) with values (value:75, negated:0, skipchannel:0) was added by '_HUBE_'(id:3) to servergroup 'PLAYER'(id:10)
2022-07-16 18:27:55.820805|INFO    |VirtualServer |1  |permission 'b_client_ban_list'(id:211) with values (value:1, negated:0, skipchannel:0) was added by '_HUBE_'(id:3) to servergroup 'PLAYER'(id:10)
2022-07-16 18:27:55.820805|INFO    |VirtualServer |1  |permission 'b_client_ban_delete_own'(id:213) with values (value:1, negated:0, skipchannel:0) was added by '_HUBE_'(id:3) to servergroup 'PLAYER'(id:10)
2022-07-16 18:27:55.820805|INFO    |VirtualServer |1  |permission 'b_client_ban_create'(id:212) with values (value:1, negated:0, skipchannel:0) was added by '_HUBE_'(id:3) to servergroup 'PLAYER'(id:10)
2022-07-16 18:27:55.820805|INFO    |VirtualServer |1  |permission 'b_client_ban_delete'(id:214) with values (value:1, negated:0, skipchannel:0) was added by '_HUBE_'(id:3) to servergroup 'PLAYER'(id:10)
2022-07-16 18:27:55.821801|INFO    |VirtualServer |1  |permission 'i_client_ban_max_bantime'(id:215) with values (value:-1, negated:0, skipchannel:0) was added by '_HUBE_'(id:3) to servergroup 'PLAYER'(id:10)
2022-07-16 18:27:55.821801|INFO    |VirtualServer |1  |permission 'b_client_ignore_bans'(id:183) with values (value:1, negated:0, skipchannel:0) was added by '_HUBE_'(id:3) to servergroup 'PLAYER'(id:10)
2022-07-16 18:27:55.821801|INFO    |VirtualServer |1  |permission 'i_client_kick_from_server_power'(id:198) with values (value:75, negated:0, skipchannel:0) was added by '_HUBE_'(id:3) to servergroup 'PLAYER'(id:10)
2022-07-16 18:27:55.821801|INFO    |VirtualServer |1  |permission 'b_channel_modify_name'(id:112) with values (value:1, negated:0, skipchannel:0) was added by '_HUBE_'(id:3) to servergroup 'PLAYER'(id:10)
2022-07-16 18:27:55.821801|INFO    |VirtualServer |1  |permission 'b_channel_modify_topic'(id:113) with values (value:1, negated:0, skipchannel:0) was added by '_HUBE_'(id:3) to servergroup 'PLAYER'(id:10)
2022-07-16 18:27:55.821801|INFO    |VirtualServer |1  |permission 'b_channel_modify_description'(id:114) with values (value:1, negated:0, skipchannel:0) was added by '_HUBE_'(id:3) to servergroup 'PLAYER'(id:10)
2022-07-16 18:27:55.821801|INFO    |VirtualServer |1  |permission 'b_channel_modify_password'(id:115) with values (value:1, negated:0, skipchannel:0) was added by '_HUBE_'(id:3) to servergroup 'PLAYER'(id:10)
2022-07-16 18:27:55.821801|INFO    |VirtualServer |1  |permission 'b_channel_modify_codec'(id:117) with values (value:1, negated:0, skipchannel:0) was added by '_HUBE_'(id:3) to servergroup 'PLAYER'(id:10)
2022-07-16 18:27:55.821801|INFO    |VirtualServer |1  |permission 'b_channel_modify_codec_quality'(id:118) with values (value:1, negated:0, skipchannel:0) was added by '_HUBE_'(id:3) to servergroup 'PLAYER'(id:10)
2022-07-16 18:27:55.821801|INFO    |VirtualServer |1  |permission 'b_channel_modify_codec_latency_factor'(id:119) with values (value:1, negated:0, skipchannel:0) was added by '_HUBE_'(id:3) to servergroup 'PLAYER'(id:10)
2022-07-16 18:27:55.822798|INFO    |VirtualServer |1  |permission 'b_channel_modify_maxclients'(id:120) with values (value:1, negated:0, skipchannel:0) was added by '_HUBE_'(id:3) to servergroup 'PLAYER'(id:10)
2022-07-16 18:27:55.822798|INFO    |VirtualServer |1  |permission 'b_channel_modify_maxfamilyclients'(id:121) with values (value:1, negated:0, skipchannel:0) was added by '_HUBE_'(id:3) to servergroup 'PLAYER'(id:10)
2022-07-16 18:27:55.822798|INFO    |VirtualServer |1  |permission 'b_channel_modify_parent'(id:107) with values (value:1, negated:0, skipchannel:0) was added by '_HUBE_'(id:3) to servergroup 'PLAYER'(id:10)
2022-07-16 18:27:55.822798|INFO    |VirtualServer |1  |permission 'b_channel_modify_sortorder'(id:122) with values (value:1, negated:0, skipchannel:0) was added by '_HUBE_'(id:3) to servergroup 'PLAYER'(id:10)
2022-07-16 18:27:55.822798|INFO    |VirtualServer |1  |permission 'b_channel_modify_needed_talk_power'(id:123) with values (value:1, negated:0, skipchannel:0) was added by '_HUBE_'(id:3) to servergroup 'PLAYER'(id:10)
2022-07-16 18:27:55.822798|INFO    |VirtualServer |1  |permission 'b_channel_modify_make_codec_encrypted'(id:126) with values (value:1, negated:0, skipchannel:0) was added by '_HUBE_'(id:3) to servergroup 'PLAYER'(id:10)
2022-07-16 18:27:55.822798|INFO    |VirtualServer |1  |permission 'b_channel_create_child'(id:88) with values (value:1, negated:0, skipchannel:0) was added by '_HUBE_'(id:3) to servergroup 'PLAYER'(id:10)
2022-07-16 18:27:55.822798|INFO    |VirtualServer |1  |permission 'b_channel_create_permanent'(id:89) with values (value:1, negated:0, skipchannel:0) was added by '_HUBE_'(id:3) to servergroup 'PLAYER'(id:10)
2022-07-16 18:27:55.822798|INFO    |VirtualServer |1  |permission 'b_channel_create_semi_permanent'(id:90) with values (value:1, negated:0, skipchannel:0) was added by '_HUBE_'(id:3) to servergroup 'PLAYER'(id:10)
2022-07-16 18:27:55.823795|INFO    |VirtualServer |1  |permission 'b_channel_create_temporary'(id:91) with values (value:1, negated:0, skipchannel:0) was added by '_HUBE_'(id:3) to servergroup 'PLAYER'(id:10)
2022-07-16 18:27:55.823795|INFO    |VirtualServer |1  |permission 'b_channel_create_with_topic'(id:92) with values (value:1, negated:0, skipchannel:0) was added by '_HUBE_'(id:3) to servergroup 'PLAYER'(id:10)
2022-07-16 18:27:55.823795|INFO    |VirtualServer |1  |permission 'b_channel_create_with_description'(id:93) with values (value:1, negated:0, skipchannel:0) was added by '_HUBE_'(id:3) to servergroup 'PLAYER'(id:10)
2022-07-16 18:27:55.823795|INFO    |VirtualServer |1  |permission 'b_channel_create_with_password'(id:94) with values (value:1, negated:0, skipchannel:0) was added by '_HUBE_'(id:3) to servergroup 'PLAYER'(id:10)
2022-07-16 18:27:55.823795|INFO    |VirtualServer |1  |permission 'b_channel_create_modify_with_codec_opusvoice'(id:96) with values (value:1, negated:0, skipchannel:0) was added by '_HUBE_'(id:3) to servergroup 'PLAYER'(id:10)
2022-07-16 18:27:55.823795|INFO    |VirtualServer |1  |permission 'i_channel_create_modify_with_codec_maxquality'(id:98) with values (value:10, negated:0, skipchannel:0) was added by '_HUBE_'(id:3) to servergroup 'PLAYER'(id:10)
2022-07-16 18:27:55.823795|INFO    |VirtualServer |1  |permission 'i_channel_create_modify_with_codec_latency_factor_min'(id:99) with values (value:1, negated:0, skipchannel:0) was added by '_HUBE_'(id:3) to servergroup 'PLAYER'(id:10)
2022-07-16 18:27:55.823795|INFO    |VirtualServer |1  |permission 'b_channel_create_with_maxclients'(id:100) with values (value:1, negated:0, skipchannel:0) was added by '_HUBE_'(id:3) to servergroup 'PLAYER'(id:10)
2022-07-16 18:27:55.823795|INFO    |VirtualServer |1  |permission 'b_channel_create_with_maxfamilyclients'(id:101) with values (value:1, negated:0, skipchannel:0) was added by '_HUBE_'(id:3) to servergroup 'PLAYER'(id:10)
2022-07-16 18:27:55.824824|INFO    |VirtualServer |1  |permission 'b_channel_create_with_needed_talk_power'(id:104) with values (value:1, negated:0, skipchannel:0) was added by '_HUBE_'(id:3) to servergroup 'PLAYER'(id:10)
2022-07-16 18:27:55.824824|INFO    |VirtualServer |1  |permission 'b_channel_create_modify_with_codec_opusmusic'(id:97) with values (value:1, negated:0, skipchannel:0) was added by '_HUBE_'(id:3) to servergroup 'PLAYER'(id:10)
2022-07-16 18:27:55.824824|INFO    |VirtualServer |1  |permission 'b_channel_create_with_default'(id:103) with values (value:1, negated:0, skipchannel:0) was added by '_HUBE_'(id:3) to servergroup 'PLAYER'(id:10)
2022-07-16 18:27:55.824824|INFO    |VirtualServer |1  |permission 'i_channel_max_depth'(id:83) with values (value:10, negated:0, skipchannel:0) was added by '_HUBE_'(id:3) to servergroup 'PLAYER'(id:10)
2022-07-16 18:27:55.824824|INFO    |VirtualServer |1  |permission 'b_channel_create_with_sortorder'(id:102) with values (value:1, negated:0, skipchannel:0) was added by '_HUBE_'(id:3) to servergroup 'PLAYER'(id:10)
2022-07-16 18:27:55.824824|INFO    |VirtualServer |1  |permission 'i_channel_delete_power'(id:132) with values (value:60, negated:0, skipchannel:0) was added by '_HUBE_'(id:3) to servergroup 'PLAYER'(id:10)
2022-07-16 18:27:55.825789|INFO    |VirtualServer |1  |permission 'b_channel_delete_permanent'(id:128) with values (value:1, negated:0, skipchannel:0) was added by '_HUBE_'(id:3) to servergroup 'PLAYER'(id:10)
2022-07-16 18:27:55.825789|INFO    |VirtualServer |1  |permission 'b_channel_delete_semi_permanent'(id:129) with values (value:1, negated:0, skipchannel:0) was added by '_HUBE_'(id:3) to servergroup 'PLAYER'(id:10)
2022-07-16 18:27:55.825789|INFO    |VirtualServer |1  |permission 'b_channel_delete_temporary'(id:130) with values (value:1, negated:0, skipchannel:0) was added by '_HUBE_'(id:3) to servergroup 'PLAYER'(id:10)
2022-07-16 18:27:55.825789|INFO    |VirtualServer |1  |permission 'b_channel_delete_flag_force'(id:131) with values (value:1, negated:0, skipchannel:0) was added by '_HUBE_'(id:3) to servergroup 'PLAYER'(id:10)
2022-07-16 18:27:55.825789|INFO    |VirtualServer |1  |permission 'i_client_max_avatar_filesize'(id:178) with values (value:200000, negated:0, skipchannel:0) was added by '_HUBE_'(id:3) to servergroup 'PLAYER'(id:10)
2022-07-16 18:27:55.825789|INFO    |VirtualServer |1  |permission 'b_client_use_channel_commander'(id:186) with values (value:1, negated:0, skipchannel:0) was added by '_HUBE_'(id:3) to servergroup 'PLAYER'(id:10)
2022-07-16 18:27:55.825789|INFO    |VirtualServer |1  |permission 'i_client_max_channel_subscriptions'(id:179) with values (value:-1, negated:0, skipchannel:0) was added by '_HUBE_'(id:3) to servergroup 'PLAYER'(id:10)
2022-07-16 18:27:55.825789|INFO    |VirtualServer |1  |permission 'i_channel_subscribe_power'(id:141) with values (value:75, negated:0, skipchannel:0) was added by '_HUBE_'(id:3) to servergroup 'PLAYER'(id:10)
2022-07-16 18:27:55.825789|INFO    |VirtualServer |1  |permission 'i_needed_modify_power_client_is_priority_speaker'(id:32948) with values (value:75, negated:0, skipchannel:0) was added by '_HUBE_'(id:3) to servergroup 'PLAYER'(id:10)
2022-07-16 18:27:55.826790|INFO    |VirtualServer |1  |permission 'i_client_private_textmessage_power'(id:216) with values (value:75, negated:0, skipchannel:0) was added by '_HUBE_'(id:3) to servergroup 'PLAYER'(id:10)
2022-07-16 18:27:55.826790|INFO    |VirtualServer |1  |permission 'b_client_server_textmessage_send'(id:218) with values (value:1, negated:0, skipchannel:0) was added by '_HUBE_'(id:3) to servergroup 'PLAYER'(id:10)
2022-07-16 18:27:55.826790|INFO    |VirtualServer |1  |permission 'b_client_channel_textmessage_send'(id:219) with values (value:1, negated:0, skipchannel:0) was added by '_HUBE_'(id:3) to servergroup 'PLAYER'(id:10)
2022-07-16 18:27:55.826790|INFO    |VirtualServer |1  |permission 'b_client_offline_textmessage_send'(id:220) with values (value:1, negated:0, skipchannel:0) was added by '_HUBE_'(id:3) to servergroup 'PLAYER'(id:10)
2022-07-16 18:27:55.826790|INFO    |VirtualServer |1  |permission 'i_ft_file_delete_power'(id:239) with values (value:75, negated:0, skipchannel:0) was added by '_HUBE_'(id:3) to servergroup 'PLAYER'(id:10)
2022-07-16 18:27:55.826790|INFO    |VirtualServer |1  |permission 'i_ft_file_rename_power'(id:241) with values (value:75, negated:0, skipchannel:0) was added by '_HUBE_'(id:3) to servergroup 'PLAYER'(id:10)
2022-07-16 18:27:55.826790|INFO    |VirtualServer |1  |permission 'i_ft_directory_create_power'(id:245) with values (value:75, negated:0, skipchannel:0) was added by '_HUBE_'(id:3) to servergroup 'PLAYER'(id:10)
2022-07-16 18:27:55.826790|INFO    |VirtualServer |1  |permission 'b_ft_ignore_password'(id:233) with values (value:1, negated:0, skipchannel:0) was added by '_HUBE_'(id:3) to servergroup 'PLAYER'(id:10)
2022-07-16 18:27:55.826790|INFO    |VirtualServer |1  |permission 'i_ft_file_upload_power'(id:235) with values (value:75, negated:0, skipchannel:0) was added by '_HUBE_'(id:3) to servergroup 'PLAYER'(id:10)
2022-07-16 18:27:55.826790|INFO    |VirtualServer |1  |permission 'i_ft_quota_mb_upload_per_client'(id:248) with values (value:-1, negated:0, skipchannel:0) was added by '_HUBE_'(id:3) to servergroup 'PLAYER'(id:10)
2022-07-16 18:27:55.827788|INFO    |VirtualServer |1  |permission 'i_ft_file_download_power'(id:237) with values (value:75, negated:0, skipchannel:0) was added by '_HUBE_'(id:3) to servergroup 'PLAYER'(id:10)
2022-07-16 18:27:55.827788|INFO    |VirtualServer |1  |permission 'i_ft_quota_mb_download_per_client'(id:247) with values (value:-1, negated:0, skipchannel:0) was added by '_HUBE_'(id:3) to servergroup 'PLAYER'(id:10)
2022-07-16 18:27:55.827788|INFO    |VirtualServer |1  |permission 'i_ft_file_browse_power'(id:243) with values (value:75, negated:0, skipchannel:0) was added by '_HUBE_'(id:3) to servergroup 'PLAYER'(id:10)
2022-07-16 18:27:55.827788|INFO    |VirtualServer |1  |permission 'b_channel_modify_make_permanent'(id:109) with values (value:1, negated:0, skipchannel:0) was added by '_HUBE_'(id:3) to servergroup 'PLAYER'(id:10)
2022-07-16 18:27:55.827788|INFO    |VirtualServer |1  |permission 'b_channel_modify_make_default'(id:108) with values (value:1, negated:0, skipchannel:0) was added by '_HUBE_'(id:3) to servergroup 'PLAYER'(id:10)
2022-07-16 18:27:55.827788|INFO    |VirtualServer |1  |permission 'b_channel_modify_make_semi_permanent'(id:110) with values (value:1, negated:0, skipchannel:0) was added by '_HUBE_'(id:3) to servergroup 'PLAYER'(id:10)
2022-07-16 18:27:55.828782|INFO    |VirtualServer |1  |permission 'b_channel_modify_make_temporary'(id:111) with values (value:1, negated:0, skipchannel:0) was added by '_HUBE_'(id:3) to servergroup 'PLAYER'(id:10)
2022-07-16 18:27:55.828782|INFO    |VirtualServer |1  |permission 'i_needed_modify_power_group_auto_update_type'(id:32917) with values (value:75, negated:0, skipchannel:0) was added by '_HUBE_'(id:3) to servergroup 'PLAYER'(id:10)
2022-07-16 18:27:55.828782|INFO    |VirtualServer |1  |permission 'i_needed_modify_power_group_is_permanent'(id:32916) with values (value:75, negated:0, skipchannel:0) was added by '_HUBE_'(id:3) to servergroup 'PLAYER'(id:10)
2022-07-16 18:27:55.828782|INFO    |VirtualServer |1  |permission 'i_needed_modify_power_client_talk_power'(id:32989) with values (value:75, negated:0, skipchannel:0) was added by '_HUBE_'(id:3) to servergroup 'PLAYER'(id:10)
2022-07-16 18:27:55.828782|INFO    |VirtualServer |1  |permission 'i_needed_modify_power_client_poke_power'(id:32991) with values (value:75, negated:0, skipchannel:0) was added by '_HUBE_'(id:3) to servergroup 'PLAYER'(id:10)
2022-07-16 18:27:55.828782|INFO    |VirtualServer |1  |permission 'i_needed_modify_power_client_max_clones_uid'(id:32944) with values (value:75, negated:0, skipchannel:0) was added by '_HUBE_'(id:3) to servergroup 'PLAYER'(id:10)
2022-07-16 18:27:55.828782|INFO    |VirtualServer |1  |permission 'i_needed_modify_power_client_ignore_antiflood'(id:32952) with values (value:75, negated:0, skipchannel:0) was added by '_HUBE_'(id:3) to servergroup 'PLAYER'(id:10)
2022-07-16 18:27:55.828782|INFO    |VirtualServer |1  |permission 'i_needed_modify_power_channel_join_permanent'(id:32902) with values (value:75, negated:0, skipchannel:0) was added by '_HUBE_'(id:3) to servergroup 'PLAYER'(id:10)
2022-07-16 18:27:55.828782|INFO    |VirtualServer |1  |permission 'i_needed_modify_power_channel_join_semi_permanent'(id:32903) with values (value:75, negated:0, skipchannel:0) was added by '_HUBE_'(id:3) to servergroup 'PLAYER'(id:10)
2022-07-16 18:27:55.828782|INFO    |VirtualServer |1  |permission 'i_needed_modify_power_channel_join_temporary'(id:32904) with values (value:75, negated:0, skipchannel:0) was added by '_HUBE_'(id:3) to servergroup 'PLAYER'(id:10)
2022-07-16 18:27:55.829778|INFO    |VirtualServer |1  |permission 'i_needed_modify_power_channel_join_ignore_password'(id:32905) with values (value:75, negated:0, skipchannel:0) was added by '_HUBE_'(id:3) to servergroup 'PLAYER'(id:10)
2022-07-16 18:27:55.829778|INFO    |VirtualServer |1  |permission 'i_needed_modify_power_channel_join_ignore_maxclients'(id:32906) with values (value:75, negated:0, skipchannel:0) was added by '_HUBE_'(id:3) to servergroup 'PLAYER'(id:10)
2022-07-16 18:27:55.829778|INFO    |VirtualServer |1  |permission 'i_needed_modify_power_channel_join_power'(id:32907) with values (value:75, negated:0, skipchannel:0) was added by '_HUBE_'(id:3) to servergroup 'PLAYER'(id:10)
2022-07-16 18:27:55.829778|INFO    |VirtualServer |1  |permission 'i_needed_modify_power_virtualserver_token_use'(id:32808) with values (value:75, negated:0, skipchannel:0) was added by '_HUBE_'(id:3) to servergroup 'PLAYER'(id:10)
2022-07-16 18:27:55.829778|INFO    |VirtualServer |1  |permission 'i_needed_modify_power_channel_description_view_power'(id:32911) with values (value:75, negated:0, skipchannel:0) was added by '_HUBE_'(id:3) to servergroup 'PLAYER'(id:10)
2022-07-16 18:27:55.829778|INFO    |VirtualServer |1  |permission 'i_needed_modify_power_client_permissionoverview_view'(id:32960) with values (value:75, negated:0, skipchannel:0) was added by '_HUBE_'(id:3) to servergroup 'PLAYER'(id:10)
2022-07-16 18:27:55.829778|INFO    |VirtualServer |1  |permission 'i_needed_modify_power_client_permissionoverview_own'(id:32961) with values (value:75, negated:0, skipchannel:0) was added by '_HUBE_'(id:3) to servergroup 'PLAYER'(id:10)
2022-07-16 18:27:55.829778|INFO    |VirtualServer |1  |permission 'i_needed_modify_power_client_remoteaddress_view'(id:32962) with values (value:75, negated:0, skipchannel:0) was added by '_HUBE_'(id:3) to servergroup 'PLAYER'(id:10)
2022-07-16 18:27:55.829778|INFO    |VirtualServer |1  |permission 'i_needed_modify_power_client_serverquery_view_power'(id:32963) with values (value:75, negated:0, skipchannel:0) was added by '_HUBE_'(id:3) to servergroup 'PLAYER'(id:10)
2022-07-16 18:27:55.829778|INFO    |VirtualServer |1  |permission 'i_needed_modify_power_client_needed_serverquery_view_power'(id:32964) with values (value:75, negated:0, skipchannel:0) was added by '_HUBE_'(id:3) to servergroup 'PLAYER'(id:10)
2022-07-16 18:27:55.830776|INFO    |VirtualServer |1  |permission 'i_needed_modify_power_client_needed_complain_power'(id:32975) with values (value:75, negated:0, skipchannel:0) was added by '_HUBE_'(id:3) to servergroup 'PLAYER'(id:10)
2022-07-16 18:27:55.830776|INFO    |VirtualServer |1  |permission 'i_needed_modify_power_group_needed_modify_power'(id:32933) with values (value:75, negated:0, skipchannel:0) was added by '_HUBE_'(id:3) to servergroup 'PLAYER'(id:10)
2022-07-16 18:27:55.830776|INFO    |VirtualServer |1  |permission 'i_needed_modify_power_client_needed_ban_power'(id:32971) with values (value:75, negated:0, skipchannel:0) was added by '_HUBE_'(id:3) to servergroup 'PLAYER'(id:10)
2022-07-16 18:27:55.830776|INFO    |VirtualServer |1  |permission 'i_needed_modify_power_client_needed_kick_from_server_power'(id:32967) with values (value:75, negated:0, skipchannel:0) was added by '_HUBE_'(id:3) to servergroup 'PLAYER'(id:10)
2022-07-16 18:27:55.830776|INFO    |VirtualServer |1  |permission 'i_needed_modify_power_client_needed_kick_from_channel_power'(id:32969) with values (value:75, negated:0, skipchannel:0) was added by '_HUBE_'(id:3) to servergroup 'PLAYER'(id:10)
2022-07-16 18:27:55.830776|INFO    |VirtualServer |1  |permission 'i_needed_modify_power_group_needed_member_add_power'(id:32935) with values (value:75, negated:0, skipchannel:0) was added by '_HUBE_'(id:3) to servergroup 'PLAYER'(id:10)
2022-07-16 18:27:55.830776|INFO    |VirtualServer |1  |permission 'i_needed_modify_power_group_needed_member_remove_power'(id:32937) with values (value:75, negated:0, skipchannel:0) was added by '_HUBE_'(id:3) to servergroup 'PLAYER'(id:10)
2022-07-16 18:27:55.830776|INFO    |VirtualServer |1  |permission 'i_needed_modify_power_group_modify_power'(id:32932) with values (value:75, negated:0, skipchannel:0) was added by '_HUBE_'(id:3) to servergroup 'PLAYER'(id:10)
2022-07-16 18:27:55.831775|INFO    |VirtualServer |1  |permission 'i_needed_modify_power_permission_modify_power'(id:32938) with values (value:75, negated:0, skipchannel:0) was added by '_HUBE_'(id:3) to servergroup 'PLAYER'(id:10)
2022-07-16 18:27:55.831775|INFO    |VirtualServer |1  |permission 'i_needed_modify_power_client_permission_modify_power'(id:32942) with values (value:75, negated:0, skipchannel:0) was added by '_HUBE_'(id:3) to servergroup 'PLAYER'(id:10)
2022-07-16 18:27:55.831775|INFO    |VirtualServer |1  |permission 'i_needed_modify_power_client_needed_permission_modify_power'(id:32943) with values (value:75, negated:0, skipchannel:0) was added by '_HUBE_'(id:3) to servergroup 'PLAYER'(id:10)
2022-07-16 18:27:55.831775|INFO    |VirtualServer |1  |permission 'i_needed_modify_power_virtualserver_connectioninfo_view'(id:32794) with values (value:75, negated:0, skipchannel:0) was added by '_HUBE_'(id:3) to servergroup 'PLAYER'(id:10)
2022-07-16 18:27:55.831775|INFO    |VirtualServer |1  |permission 'i_needed_modify_power_channel_modify_power'(id:32892) with values (value:75, negated:0, skipchannel:0) was added by '_HUBE_'(id:3) to servergroup 'PLAYER'(id:10)
2022-07-16 18:27:55.831775|INFO    |VirtualServer |1  |permission 'i_needed_modify_power_client_complain_list'(id:32976) with values (value:75, negated:0, skipchannel:0) was added by '_HUBE_'(id:3) to servergroup 'PLAYER'(id:10)
2022-07-16 18:27:55.832771|INFO    |VirtualServer |1  |permission 'i_needed_modify_power_channel_permission_modify_power'(id:32853) with values (value:75, negated:0, skipchannel:0) was added by '_HUBE_'(id:3) to servergroup 'PLAYER'(id:10)
2022-07-16 18:27:55.832771|INFO    |VirtualServer |1  |permission 'i_needed_modify_power_client_needed_move_power'(id:32973) with values (value:75, negated:0, skipchannel:0) was added by '_HUBE_'(id:3) to servergroup 'PLAYER'(id:10)
2022-07-16 18:27:55.832771|INFO    |VirtualServer |1  |permission 'i_needed_modify_power_client_skip_channelgroup_permissions'(id:32949) with values (value:75, negated:0, skipchannel:0) was added by '_HUBE_'(id:3) to servergroup 'PLAYER'(id:10)
2022-07-16 18:27:55.832771|INFO    |VirtualServer |1  |permission 'i_needed_modify_power_virtualserver_join_ignore_password'(id:32814) with values (value:75, negated:0, skipchannel:0) was added by '_HUBE_'(id:3) to servergroup 'PLAYER'(id:10)
2022-07-16 18:27:55.832771|INFO    |VirtualServer |1  |permission 'i_needed_modify_power_virtualserver_modify_name'(id:32820) with values (value:75, negated:0, skipchannel:0) was added by '_HUBE_'(id:3) to servergroup 'PLAYER'(id:10)
2022-07-16 18:27:55.832771|INFO    |VirtualServer |1  |permission 'i_needed_modify_power_virtualserver_modify_nickname'(id:32848) with values (value:75, negated:0, skipchannel:0) was added by '_HUBE_'(id:3) to servergroup 'PLAYER'(id:10)
2022-07-16 18:27:55.832771|INFO    |VirtualServer |1  |permission 'i_needed_modify_power_virtualserver_modify_welcomemessage'(id:32821) with values (value:75, negated:0, skipchannel:0) was added by '_HUBE_'(id:3) to servergroup 'PLAYER'(id:10)
2022-07-16 18:27:55.832771|INFO    |VirtualServer |1  |permission 'i_needed_modify_power_virtualserver_modify_password'(id:32824) with values (value:75, negated:0, skipchannel:0) was added by '_HUBE_'(id:3) to servergroup 'PLAYER'(id:10)
2022-07-16 18:27:55.833769|INFO    |VirtualServer |1  |permission 'i_needed_modify_power_virtualserver_modify_icon_id'(id:32842) with values (value:75, negated:0, skipchannel:0) was added by '_HUBE_'(id:3) to servergroup 'PLAYER'(id:10)
2022-07-16 18:27:55.833769|INFO    |VirtualServer |1  |permission 'i_needed_modify_power_virtualserver_modify_weblist'(id:32843) with values (value:75, negated:0, skipchannel:0) was added by '_HUBE_'(id:3) to servergroup 'PLAYER'(id:10)
2022-07-16 18:27:55.833769|INFO    |VirtualServer |1  |permission 'i_needed_modify_power_virtualserver_modify_codec_encryption_mode'(id:32844) with values (value:75, negated:0, skipchannel:0) was added by '_HUBE_'(id:3) to servergroup 'PLAYER'(id:10)
2022-07-16 18:27:55.833769|INFO    |VirtualServer |1  |permission 'i_needed_modify_power_client_use_reserved_slot'(id:32953) with values (value:75, negated:0, skipchannel:0) was added by '_HUBE_'(id:3) to servergroup 'PLAYER'(id:10)
2022-07-16 18:27:55.833769|INFO    |VirtualServer |1  |permission 'i_needed_modify_power_virtualserver_log_view'(id:32812) with values (value:75, negated:0, skipchannel:0) was added by '_HUBE_'(id:3) to servergroup 'PLAYER'(id:10)
2022-07-16 18:27:55.833769|INFO    |VirtualServer |1  |permission 'i_needed_modify_power_virtualserver_client_dblist'(id:32799) with values (value:75, negated:0, skipchannel:0) was added by '_HUBE_'(id:3) to servergroup 'PLAYER'(id:10)
2022-07-16 18:27:55.833769|INFO    |VirtualServer |1  |permission 'i_needed_modify_power_virtualserver_servergroup_create'(id:32930) with values (value:75, negated:0, skipchannel:0) was added by '_HUBE_'(id:3) to servergroup 'PLAYER'(id:10)
2022-07-16 18:27:55.833769|INFO    |VirtualServer |1  |permission 'i_needed_modify_power_virtualserver_channelgroup_create'(id:32931) with values (value:75, negated:0, skipchannel:0) was added by '_HUBE_'(id:3) to servergroup 'PLAYER'(id:10)
2022-07-16 18:27:55.833769|INFO    |VirtualServer |1  |permission 'i_needed_modify_power_virtualserver_servergroup_delete'(id:32940) with values (value:75, negated:0, skipchannel:0) was added by '_HUBE_'(id:3) to servergroup 'PLAYER'(id:10)
2022-07-16 18:27:55.833769|INFO    |VirtualServer |1  |permission 'i_needed_modify_power_virtualserver_channelgroup_delete'(id:32941) with values (value:75, negated:0, skipchannel:0) was added by '_HUBE_'(id:3) to servergroup 'PLAYER'(id:10)
2022-07-16 18:27:55.833769|INFO    |VirtualServer |1  |permission 'i_needed_modify_power_icon_manage'(id:32915) with values (value:75, negated:0, skipchannel:0) was added by '_HUBE_'(id:3) to servergroup 'PLAYER'(id:10)
2022-07-16 18:27:55.833769|INFO    |VirtualServer |1  |permission 'i_needed_modify_power_max_icon_filesize'(id:32914) with values (value:75, negated:0, skipchannel:0) was added by '_HUBE_'(id:3) to servergroup 'PLAYER'(id:10)
2022-07-16 18:27:55.834764|INFO    |VirtualServer |1  |permission 'i_needed_modify_power_virtualserver_servergroup_permission_list'(id:32922) with values (value:75, negated:0, skipchannel:0) was added by '_HUBE_'(id:3) to servergroup 'PLAYER'(id:10)
2022-07-16 18:27:55.834764|INFO    |VirtualServer |1  |permission 'i_needed_modify_power_virtualserver_channelgroup_permission_list'(id:32925) with values (value:75, negated:0, skipchannel:0) was added by '_HUBE_'(id:3) to servergroup 'PLAYER'(id:10)
2022-07-16 18:27:55.834764|INFO    |VirtualServer |1  |permission 'i_needed_modify_power_virtualserver_client_permission_list'(id:32927) with values (value:75, negated:0, skipchannel:0) was added by '_HUBE_'(id:3) to servergroup 'PLAYER'(id:10)
2022-07-16 18:27:55.834764|INFO    |VirtualServer |1  |permission 'i_needed_modify_power_virtualserver_channel_permission_list'(id:32928) with values (value:75, negated:0, skipchannel:0) was added by '_HUBE_'(id:3) to servergroup 'PLAYER'(id:10)
2022-07-16 18:27:55.834764|INFO    |VirtualServer |1  |permission 'i_needed_modify_power_virtualserver_channelclient_permission_list'(id:32929) with values (value:75, negated:0, skipchannel:0) was added by '_HUBE_'(id:3) to servergroup 'PLAYER'(id:10)
2022-07-16 18:27:55.834764|INFO    |VirtualServer |1  |permission 'i_needed_modify_power_virtualserver_servergroup_client_list'(id:32923) with values (value:75, negated:0, skipchannel:0) was added by '_HUBE_'(id:3) to servergroup 'PLAYER'(id:10)
2022-07-16 18:27:55.834764|INFO    |VirtualServer |1  |permission 'i_needed_modify_power_virtualserver_channelgroup_client_list'(id:32926) with values (value:75, negated:0, skipchannel:0) was added by '_HUBE_'(id:3) to servergroup 'PLAYER'(id:10)
2022-07-16 18:27:55.834764|INFO    |VirtualServer |1  |permission 'i_needed_modify_power_virtualserver_token_list'(id:32806) with values (value:75, negated:0, skipchannel:0) was added by '_HUBE_'(id:3) to servergroup 'PLAYER'(id:10)
2022-07-16 18:27:55.834764|INFO    |VirtualServer |1  |permission 'i_needed_modify_power_virtualserver_token_add'(id:32807) with values (value:75, negated:0, skipchannel:0) was added by '_HUBE_'(id:3) to servergroup 'PLAYER'(id:10)
2022-07-16 18:27:55.834764|INFO    |VirtualServer |1  |permission 'i_needed_modify_power_virtualserver_token_delete'(id:32809) with values (value:75, negated:0, skipchannel:0) was added by '_HUBE_'(id:3) to servergroup 'PLAYER'(id:10)
2022-07-16 18:27:55.834764|INFO    |VirtualServer |1  |permission 'i_needed_modify_power_group_member_add_power'(id:32934) with values (value:75, negated:0, skipchannel:0) was added by '_HUBE_'(id:3) to servergroup 'PLAYER'(id:10)
2022-07-16 18:27:55.834764|INFO    |VirtualServer |1  |permission 'i_needed_modify_power_group_member_remove_power'(id:32936) with values (value:75, negated:0, skipchannel:0) was added by '_HUBE_'(id:3) to servergroup 'PLAYER'(id:10)
2022-07-16 18:27:55.835762|INFO    |VirtualServer |1  |permission 'i_needed_modify_power_client_modify_description'(id:32996) with values (value:75, negated:0, skipchannel:0) was added by '_HUBE_'(id:3) to servergroup 'PLAYER'(id:10)
2022-07-16 18:27:55.835762|INFO    |VirtualServer |1  |permission 'i_needed_modify_power_client_modify_own_description'(id:32997) with values (value:75, negated:0, skipchannel:0) was added by '_HUBE_'(id:3) to servergroup 'PLAYER'(id:10)
2022-07-16 18:27:55.835762|INFO    |VirtualServer |1  |permission 'i_needed_modify_power_client_set_flag_talker'(id:32993) with values (value:75, negated:0, skipchannel:0) was added by '_HUBE_'(id:3) to servergroup 'PLAYER'(id:10)
2022-07-16 18:27:55.835762|INFO    |VirtualServer |1  |permission 'i_needed_modify_power_client_move_power'(id:32972) with values (value:75, negated:0, skipchannel:0) was added by '_HUBE_'(id:3) to servergroup 'PLAYER'(id:10)
2022-07-16 18:27:55.835762|INFO    |VirtualServer |1  |permission 'i_needed_modify_power_client_kick_from_channel_power'(id:32968) with values (value:75, negated:0, skipchannel:0) was added by '_HUBE_'(id:3) to servergroup 'PLAYER'(id:10)
2022-07-16 18:27:55.835762|INFO    |VirtualServer |1  |permission 'i_needed_modify_power_client_ban_power'(id:32970) with values (value:75, negated:0, skipchannel:0) was added by '_HUBE_'(id:3) to servergroup 'PLAYER'(id:10)
2022-07-16 18:27:55.835762|INFO    |VirtualServer |1  |permission 'i_needed_modify_power_client_ban_list'(id:32979) with values (value:75, negated:0, skipchannel:0) was added by '_HUBE_'(id:3) to servergroup 'PLAYER'(id:10)
2022-07-16 18:27:55.835762|INFO    |VirtualServer |1  |permission 'i_needed_modify_power_client_ban_delete_own'(id:32981) with values (value:75, negated:0, skipchannel:0) was added by '_HUBE_'(id:3) to servergroup 'PLAYER'(id:10)
2022-07-16 18:27:55.835762|INFO    |VirtualServer |1  |permission 'i_needed_modify_power_client_ban_create'(id:32980) with values (value:75, negated:0, skipchannel:0) was added by '_HUBE_'(id:3) to servergroup 'PLAYER'(id:10)
2022-07-16 18:27:55.837763|INFO    |VirtualServer |1  |permission 'i_needed_modify_power_client_ban_delete'(id:32982) with values (value:75, negated:0, skipchannel:0) was added by '_HUBE_'(id:3) to servergroup 'PLAYER'(id:10)
2022-07-16 18:27:55.837763|INFO    |VirtualServer |1  |permission 'i_needed_modify_power_client_ban_max_bantime'(id:32983) with values (value:75, negated:0, skipchannel:0) was added by '_HUBE_'(id:3) to servergroup 'PLAYER'(id:10)
2022-07-16 18:27:55.837763|INFO    |VirtualServer |1  |permission 'i_needed_modify_power_client_ignore_bans'(id:32951) with values (value:75, negated:0, skipchannel:0) was added by '_HUBE_'(id:3) to servergroup 'PLAYER'(id:10)
2022-07-16 18:27:55.837763|INFO    |VirtualServer |1  |permission 'i_needed_modify_power_client_kick_from_server_power'(id:32966) with values (value:75, negated:0, skipchannel:0) was added by '_HUBE_'(id:3) to servergroup 'PLAYER'(id:10)
2022-07-16 18:27:55.837763|INFO    |VirtualServer |1  |permission 'i_needed_modify_power_channel_modify_name'(id:32880) with values (value:75, negated:0, skipchannel:0) was added by '_HUBE_'(id:3) to servergroup 'PLAYER'(id:10)
2022-07-16 18:27:55.837763|INFO    |VirtualServer |1  |permission 'i_needed_modify_power_channel_modify_topic'(id:32881) with values (value:75, negated:0, skipchannel:0) was added by '_HUBE_'(id:3) to servergroup 'PLAYER'(id:10)
2022-07-16 18:27:55.837763|INFO    |VirtualServer |1  |permission 'i_needed_modify_power_channel_modify_description'(id:32882) with values (value:75, negated:0, skipchannel:0) was added by '_HUBE_'(id:3) to servergroup 'PLAYER'(id:10)
2022-07-16 18:27:55.837763|INFO    |VirtualServer |1  |permission 'i_needed_modify_power_channel_modify_password'(id:32883) with values (value:75, negated:0, skipchannel:0) was added by '_HUBE_'(id:3) to servergroup 'PLAYER'(id:10)
2022-07-16 18:27:55.838755|INFO    |VirtualServer |1  |permission 'i_needed_modify_power_channel_modify_codec'(id:32885) with values (value:75, negated:0, skipchannel:0) was added by '_HUBE_'(id:3) to servergroup 'PLAYER'(id:10)
2022-07-16 18:27:55.838755|INFO    |VirtualServer |1  |permission 'i_needed_modify_power_channel_modify_codec_quality'(id:32886) with values (value:75, negated:0, skipchannel:0) was added by '_HUBE_'(id:3) to servergroup 'PLAYER'(id:10)
2022-07-16 18:27:55.838755|INFO    |VirtualServer |1  |permission 'i_needed_modify_power_channel_modify_codec_latency_factor'(id:32887) with values (value:75, negated:0, skipchannel:0) was added by '_HUBE_'(id:3) to servergroup 'PLAYER'(id:10)
2022-07-16 18:27:55.838755|INFO    |VirtualServer |1  |permission 'i_needed_modify_power_channel_modify_maxclients'(id:32888) with values (value:75, negated:0, skipchannel:0) was added by '_HUBE_'(id:3) to servergroup 'PLAYER'(id:10)
2022-07-16 18:27:55.838755|INFO    |VirtualServer |1  |permission 'i_needed_modify_power_channel_modify_maxfamilyclients'(id:32889) with values (value:75, negated:0, skipchannel:0) was added by '_HUBE_'(id:3) to servergroup 'PLAYER'(id:10)
2022-07-16 18:27:55.838755|INFO    |VirtualServer |1  |permission 'i_needed_modify_power_channel_modify_parent'(id:32875) with values (value:75, negated:0, skipchannel:0) was added by '_HUBE_'(id:3) to servergroup 'PLAYER'(id:10)
2022-07-16 18:27:55.838755|INFO    |VirtualServer |1  |permission 'i_needed_modify_power_channel_modify_sortorder'(id:32890) with values (value:75, negated:0, skipchannel:0) was added by '_HUBE_'(id:3) to servergroup 'PLAYER'(id:10)
2022-07-16 18:27:55.839751|INFO    |VirtualServer |1  |permission 'i_needed_modify_power_channel_modify_needed_talk_power'(id:32891) with values (value:75, negated:0, skipchannel:0) was added by '_HUBE_'(id:3) to servergroup 'PLAYER'(id:10)
2022-07-16 18:27:55.839751|INFO    |VirtualServer |1  |permission 'i_needed_modify_power_channel_modify_make_codec_encrypted'(id:32894) with values (value:75, negated:0, skipchannel:0) was added by '_HUBE_'(id:3) to servergroup 'PLAYER'(id:10)
2022-07-16 18:27:55.839751|INFO    |VirtualServer |1  |permission 'i_needed_modify_power_channel_create_child'(id:32856) with values (value:75, negated:0, skipchannel:0) was added by '_HUBE_'(id:3) to servergroup 'PLAYER'(id:10)
2022-07-16 18:27:55.839751|INFO    |VirtualServer |1  |permission 'i_needed_modify_power_channel_create_permanent'(id:32857) with values (value:75, negated:0, skipchannel:0) was added by '_HUBE_'(id:3) to servergroup 'PLAYER'(id:10)
2022-07-16 18:27:55.839751|INFO    |VirtualServer |1  |permission 'i_needed_modify_power_channel_create_semi_permanent'(id:32858) with values (value:75, negated:0, skipchannel:0) was added by '_HUBE_'(id:3) to servergroup 'PLAYER'(id:10)
2022-07-16 18:27:55.839751|INFO    |VirtualServer |1  |permission 'i_needed_modify_power_channel_create_temporary'(id:32859) with values (value:75, negated:0, skipchannel:0) was added by '_HUBE_'(id:3) to servergroup 'PLAYER'(id:10)
2022-07-16 18:27:55.839751|INFO    |VirtualServer |1  |permission 'i_needed_modify_power_channel_create_with_topic'(id:32860) with values (value:75, negated:0, skipchannel:0) was added by '_HUBE_'(id:3) to servergroup 'PLAYER'(id:10)
2022-07-16 18:27:55.839751|INFO    |VirtualServer |1  |permission 'i_needed_modify_power_channel_create_with_description'(id:32861) with values (value:75, negated:0, skipchannel:0) was added by '_HUBE_'(id:3) to servergroup 'PLAYER'(id:10)
2022-07-16 18:27:55.839751|INFO    |VirtualServer |1  |permission 'i_needed_modify_power_channel_create_with_password'(id:32862) with values (value:75, negated:0, skipchannel:0) was added by '_HUBE_'(id:3) to servergroup 'PLAYER'(id:10)
2022-07-16 18:27:55.840750|INFO    |VirtualServer |1  |permission 'i_needed_modify_power_channel_create_modify_with_codec_opusvoice'(id:32864) with values (value:75, negated:0, skipchannel:0) was added by '_HUBE_'(id:3) to servergroup 'PLAYER'(id:10)
2022-07-16 18:27:55.840750|INFO    |VirtualServer |1  |permission 'i_needed_modify_power_channel_create_modify_with_codec_maxquality'(id:32866) with values (value:75, negated:0, skipchannel:0) was added by '_HUBE_'(id:3) to servergroup 'PLAYER'(id:10)
2022-07-16 18:27:55.840750|INFO    |VirtualServer |1  |permission 'i_needed_modify_power_channel_create_modify_with_codec_latency_factor_min'(id:32867) with values (value:75, negated:0, skipchannel:0) was added by '_HUBE_'(id:3) to servergroup 'PLAYER'(id:10)
2022-07-16 18:27:55.840750|INFO    |VirtualServer |1  |permission 'i_needed_modify_power_channel_create_with_maxclients'(id:32868) with values (value:75, negated:0, skipchannel:0) was added by '_HUBE_'(id:3) to servergroup 'PLAYER'(id:10)
2022-07-16 18:27:55.840750|INFO    |VirtualServer |1  |permission 'i_needed_modify_power_channel_create_with_maxfamilyclients'(id:32869) with values (value:75, negated:0, skipchannel:0) was added by '_HUBE_'(id:3) to servergroup 'PLAYER'(id:10)
2022-07-16 18:27:55.840750|INFO    |VirtualServer |1  |permission 'i_needed_modify_power_channel_create_with_needed_talk_power'(id:32872) with values (value:75, negated:0, skipchannel:0) was added by '_HUBE_'(id:3) to servergroup 'PLAYER'(id:10)
2022-07-16 18:27:55.840750|INFO    |VirtualServer |1  |permission 'i_needed_modify_power_channel_create_modify_with_codec_opusmusic'(id:32865) with values (value:75, negated:0, skipchannel:0) was added by '_HUBE_'(id:3) to servergroup 'PLAYER'(id:10)
2022-07-16 18:27:55.840750|INFO    |VirtualServer |1  |permission 'i_needed_modify_power_channel_create_with_default'(id:32871) with values (value:75, negated:0, skipchannel:0) was added by '_HUBE_'(id:3) to servergroup 'PLAYER'(id:10)
2022-07-16 18:27:55.840750|INFO    |VirtualServer |1  |permission 'i_needed_modify_power_channel_max_depth'(id:32851) with values (value:75, negated:0, skipchannel:0) was added by '_HUBE_'(id:3) to servergroup 'PLAYER'(id:10)
2022-07-16 18:27:55.840750|INFO    |VirtualServer |1  |permission 'i_needed_modify_power_channel_create_with_sortorder'(id:32870) with values (value:75, negated:0, skipchannel:0) was added by '_HUBE_'(id:3) to servergroup 'PLAYER'(id:10)
2022-07-16 18:27:55.840750|INFO    |VirtualServer |1  |permission 'i_needed_modify_power_channel_delete_power'(id:32900) with values (value:75, negated:0, skipchannel:0) was added by '_HUBE_'(id:3) to servergroup 'PLAYER'(id:10)
2022-07-16 18:27:55.840750|INFO    |VirtualServer |1  |permission 'i_needed_modify_power_channel_delete_permanent'(id:32896) with values (value:75, negated:0, skipchannel:0) was added by '_HUBE_'(id:3) to servergroup 'PLAYER'(id:10)
2022-07-16 18:27:55.840750|INFO    |VirtualServer |1  |permission 'i_needed_modify_power_channel_delete_semi_permanent'(id:32897) with values (value:75, negated:0, skipchannel:0) was added by '_HUBE_'(id:3) to servergroup 'PLAYER'(id:10)
2022-07-16 18:27:55.841778|INFO    |VirtualServer |1  |permission 'i_needed_modify_power_channel_delete_temporary'(id:32898) with values (value:75, negated:0, skipchannel:0) was added by '_HUBE_'(id:3) to servergroup 'PLAYER'(id:10)
2022-07-16 18:27:55.841778|INFO    |VirtualServer |1  |permission 'i_needed_modify_power_channel_delete_flag_force'(id:32899) with values (value:75, negated:0, skipchannel:0) was added by '_HUBE_'(id:3) to servergroup 'PLAYER'(id:10)
2022-07-16 18:27:55.841778|INFO    |VirtualServer |1  |permission 'i_needed_modify_power_client_max_avatar_filesize'(id:32946) with values (value:75, negated:0, skipchannel:0) was added by '_HUBE_'(id:3) to servergroup 'PLAYER'(id:10)
2022-07-16 18:27:55.841778|INFO    |VirtualServer |1  |permission 'i_needed_modify_power_client_use_channel_commander'(id:32954) with values (value:75, negated:0, skipchannel:0) was added by '_HUBE_'(id:3) to servergroup 'PLAYER'(id:10)
2022-07-16 18:27:55.841778|INFO    |VirtualServer |1  |permission 'i_needed_modify_power_client_max_channel_subscriptions'(id:32947) with values (value:75, negated:0, skipchannel:0) was added by '_HUBE_'(id:3) to servergroup 'PLAYER'(id:10)
2022-07-16 18:27:55.841778|INFO    |VirtualServer |1  |permission 'i_needed_modify_power_channel_subscribe_power'(id:32909) with values (value:75, negated:0, skipchannel:0) was added by '_HUBE_'(id:3) to servergroup 'PLAYER'(id:10)
2022-07-16 18:27:55.841778|INFO    |VirtualServer |1  |permission 'i_needed_modify_power_client_private_textmessage_power'(id:32984) with values (value:75, negated:0, skipchannel:0) was added by '_HUBE_'(id:3) to servergroup 'PLAYER'(id:10)
2022-07-16 18:27:55.841778|INFO    |VirtualServer |1  |permission 'i_needed_modify_power_client_server_textmessage_send'(id:32986) with values (value:75, negated:0, skipchannel:0) was added by '_HUBE_'(id:3) to servergroup 'PLAYER'(id:10)
2022-07-16 18:27:55.841778|INFO    |VirtualServer |1  |permission 'i_needed_modify_power_client_channel_textmessage_send'(id:32987) with values (value:75, negated:0, skipchannel:0) was added by '_HUBE_'(id:3) to servergroup 'PLAYER'(id:10)
2022-07-16 18:27:55.841778|INFO    |VirtualServer |1  |permission 'i_needed_modify_power_client_offline_textmessage_send'(id:32988) with values (value:75, negated:0, skipchannel:0) was added by '_HUBE_'(id:3) to servergroup 'PLAYER'(id:10)
2022-07-16 18:27:55.841778|INFO    |VirtualServer |1  |permission 'i_needed_modify_power_ft_file_delete_power'(id:33007) with values (value:75, negated:0, skipchannel:0) was added by '_HUBE_'(id:3) to servergroup 'PLAYER'(id:10)
2022-07-16 18:27:55.841778|INFO    |VirtualServer |1  |permission 'i_needed_modify_power_ft_file_rename_power'(id:33009) with values (value:75, negated:0, skipchannel:0) was added by '_HUBE_'(id:3) to servergroup 'PLAYER'(id:10)
2022-07-16 18:27:55.842775|INFO    |VirtualServer |1  |permission 'i_needed_modify_power_ft_directory_create_power'(id:33013) with values (value:75, negated:0, skipchannel:0) was added by '_HUBE_'(id:3) to servergroup 'PLAYER'(id:10)
2022-07-16 18:27:55.842775|INFO    |VirtualServer |1  |permission 'i_needed_modify_power_ft_ignore_password'(id:33001) with values (value:75, negated:0, skipchannel:0) was added by '_HUBE_'(id:3) to servergroup 'PLAYER'(id:10)
2022-07-16 18:27:55.842775|INFO    |VirtualServer |1  |permission 'i_needed_modify_power_ft_file_upload_power'(id:33003) with values (value:75, negated:0, skipchannel:0) was added by '_HUBE_'(id:3) to servergroup 'PLAYER'(id:10)
2022-07-16 18:27:55.842775|INFO    |VirtualServer |1  |permission 'i_needed_modify_power_ft_quota_mb_upload_per_client'(id:33016) with values (value:75, negated:0, skipchannel:0) was added by '_HUBE_'(id:3) to servergroup 'PLAYER'(id:10)
2022-07-16 18:27:55.842775|INFO    |VirtualServer |1  |permission 'i_needed_modify_power_ft_file_download_power'(id:33005) with values (value:75, negated:0, skipchannel:0) was added by '_HUBE_'(id:3) to servergroup 'PLAYER'(id:10)
2022-07-16 18:27:55.842775|INFO    |VirtualServer |1  |permission 'i_needed_modify_power_ft_quota_mb_download_per_client'(id:33015) with values (value:75, negated:0, skipchannel:0) was added by '_HUBE_'(id:3) to servergroup 'PLAYER'(id:10)
2022-07-16 18:27:55.843741|INFO    |VirtualServer |1  |permission 'i_needed_modify_power_ft_file_browse_power'(id:33011) with values (value:75, negated:0, skipchannel:0) was added by '_HUBE_'(id:3) to servergroup 'PLAYER'(id:10)
2022-07-16 18:27:55.843741|INFO    |VirtualServer |1  |permission 'i_needed_modify_power_channel_modify_make_permanent'(id:32877) with values (value:75, negated:0, skipchannel:0) was added by '_HUBE_'(id:3) to servergroup 'PLAYER'(id:10)
2022-07-16 18:27:55.843741|INFO    |VirtualServer |1  |permission 'i_needed_modify_power_channel_modify_make_default'(id:32876) with values (value:75, negated:0, skipchannel:0) was added by '_HUBE_'(id:3) to servergroup 'PLAYER'(id:10)
2022-07-16 18:27:55.843741|INFO    |VirtualServer |1  |permission 'i_needed_modify_power_channel_modify_make_semi_permanent'(id:32878) with values (value:75, negated:0, skipchannel:0) was added by '_HUBE_'(id:3) to servergroup 'PLAYER'(id:10)
2022-07-16 18:27:55.843741|INFO    |VirtualServer |1  |permission 'i_needed_modify_power_channel_modify_make_temporary'(id:32879) with values (value:75, negated:0, skipchannel:0) was added by '_HUBE_'(id:3) to servergroup 'PLAYER'(id:10)
2022-07-16 18:28:23.627571|INFO    |VirtualServer |1  |permission 'b_client_ban_list'(id:211) was deleted by '_HUBE_'(id:3) from servergroup 'PLAYER'(id:10)
2022-07-16 18:28:23.627571|INFO    |VirtualServer |1  |permission 'b_client_ban_delete_own'(id:213) was deleted by '_HUBE_'(id:3) from servergroup 'PLAYER'(id:10)
2022-07-16 18:28:23.628568|INFO    |VirtualServer |1  |permission 'b_client_ban_create'(id:212) was deleted by '_HUBE_'(id:3) from servergroup 'PLAYER'(id:10)
2022-07-16 18:28:23.628568|INFO    |VirtualServer |1  |permission 'i_client_ban_max_bantime'(id:215) was deleted by '_HUBE_'(id:3) from servergroup 'PLAYER'(id:10)
2022-07-16 18:28:23.628568|INFO    |VirtualServer |1  |permission 'b_client_ban_delete'(id:214) was deleted by '_HUBE_'(id:3) from servergroup 'PLAYER'(id:10)
2022-07-16 18:28:23.629567|INFO    |VirtualServer |1  |permission 'i_client_kick_from_server_power'(id:198) was deleted by '_HUBE_'(id:3) from servergroup 'PLAYER'(id:10)
2022-07-16 18:28:23.629567|INFO    |VirtualServer |1  |permission 'i_client_kick_from_channel_power'(id:200) was deleted by '_HUBE_'(id:3) from servergroup 'PLAYER'(id:10)
2022-07-16 18:28:23.630563|INFO    |VirtualServer |1  |permission 'i_client_ban_power'(id:202) was deleted by '_HUBE_'(id:3) from servergroup 'PLAYER'(id:10)
2022-07-16 18:28:23.630563|INFO    |VirtualServer |1  |permission 'i_client_move_power'(id:204) was deleted by '_HUBE_'(id:3) from servergroup 'PLAYER'(id:10)
2022-07-16 18:28:23.631561|INFO    |VirtualServer |1  |permission 'b_client_set_flag_talker'(id:225) was deleted by '_HUBE_'(id:3) from servergroup 'PLAYER'(id:10)
2022-07-16 18:28:23.631561|INFO    |VirtualServer |1  |permission 'b_client_modify_own_description'(id:229) was deleted by '_HUBE_'(id:3) from servergroup 'PLAYER'(id:10)
2022-07-16 18:28:23.632558|INFO    |VirtualServer |1  |permission 'b_client_modify_description'(id:228) was deleted by '_HUBE_'(id:3) from servergroup 'PLAYER'(id:10)
2022-07-16 18:28:23.632558|INFO    |VirtualServer |1  |permission 'i_needed_modify_power_client_ban_list'(id:32979) was deleted by '_HUBE_'(id:3) from servergroup 'PLAYER'(id:10)
2022-07-16 18:28:23.632558|INFO    |VirtualServer |1  |permission 'i_needed_modify_power_client_ban_delete_own'(id:32981) was deleted by '_HUBE_'(id:3) from servergroup 'PLAYER'(id:10)
2022-07-16 18:28:23.633555|INFO    |VirtualServer |1  |permission 'i_needed_modify_power_client_ban_create'(id:32980) was deleted by '_HUBE_'(id:3) from servergroup 'PLAYER'(id:10)
2022-07-16 18:28:23.633555|INFO    |VirtualServer |1  |permission 'i_needed_modify_power_client_ban_max_bantime'(id:32983) was deleted by '_HUBE_'(id:3) from servergroup 'PLAYER'(id:10)
2022-07-16 18:28:23.633555|INFO    |VirtualServer |1  |permission 'i_needed_modify_power_client_ban_delete'(id:32982) was deleted by '_HUBE_'(id:3) from servergroup 'PLAYER'(id:10)
2022-07-16 18:28:23.634552|INFO    |VirtualServer |1  |permission 'b_icon_manage'(id:147) was deleted by '_HUBE_'(id:3) from servergroup 'PLAYER'(id:10)
2022-07-16 18:28:23.634552|INFO    |VirtualServer |1  |permission 'i_max_icon_filesize'(id:146) was deleted by '_HUBE_'(id:3) from servergroup 'PLAYER'(id:10)
2022-07-16 18:28:23.635550|INFO    |VirtualServer |1  |permission 'b_virtualserver_servergroup_client_list'(id:155) was deleted by '_HUBE_'(id:3) from servergroup 'PLAYER'(id:10)
2022-07-16 18:28:23.635550|INFO    |VirtualServer |1  |permission 'b_virtualserver_servergroup_permission_list'(id:154) was deleted by '_HUBE_'(id:3) from servergroup 'PLAYER'(id:10)
2022-07-16 18:28:23.635550|INFO    |VirtualServer |1  |permission 'b_virtualserver_channelgroup_permission_list'(id:157) was deleted by '_HUBE_'(id:3) from servergroup 'PLAYER'(id:10)
2022-07-16 18:28:23.636547|INFO    |VirtualServer |1  |permission 'b_virtualserver_client_permission_list'(id:159) was deleted by '_HUBE_'(id:3) from servergroup 'PLAYER'(id:10)
2022-07-16 18:28:23.636547|INFO    |VirtualServer |1  |permission 'i_needed_modify_power_client_kick_from_server_power'(id:32966) was deleted by '_HUBE_'(id:3) from servergroup 'PLAYER'(id:10)
2022-07-16 18:28:23.636547|INFO    |VirtualServer |1  |permission 'b_virtualserver_channelgroup_client_list'(id:158) was deleted by '_HUBE_'(id:3) from servergroup 'PLAYER'(id:10)
2022-07-16 18:28:23.637544|INFO    |VirtualServer |1  |permission 'b_channel_delete_semi_permanent'(id:129) was deleted by '_HUBE_'(id:3) from servergroup 'PLAYER'(id:10)
2022-07-16 18:28:23.637544|INFO    |VirtualServer |1  |permission 'i_needed_modify_power_client_kick_from_channel_power'(id:32968) was deleted by '_HUBE_'(id:3) from servergroup 'PLAYER'(id:10)
2022-07-16 18:28:23.638542|INFO    |VirtualServer |1  |permission 'b_channel_delete_permanent'(id:128) was deleted by '_HUBE_'(id:3) from servergroup 'PLAYER'(id:10)
2022-07-16 18:28:23.638542|INFO    |VirtualServer |1  |permission 'b_channel_delete_flag_force'(id:131) was deleted by '_HUBE_'(id:3) from servergroup 'PLAYER'(id:10)
2022-07-16 18:28:23.638542|INFO    |VirtualServer |1  |permission 'i_needed_modify_power_client_ban_power'(id:32970) was deleted by '_HUBE_'(id:3) from servergroup 'PLAYER'(id:10)
2022-07-16 18:28:23.639539|INFO    |VirtualServer |1  |permission 'b_channel_delete_temporary'(id:130) was deleted by '_HUBE_'(id:3) from servergroup 'PLAYER'(id:10)
2022-07-16 18:28:23.639539|INFO    |VirtualServer |1  |permission 'i_needed_modify_power_client_move_power'(id:32972) was deleted by '_HUBE_'(id:3) from servergroup 'PLAYER'(id:10)
2022-07-16 18:28:23.640536|INFO    |VirtualServer |1  |permission 'i_channel_delete_power'(id:132) was deleted by '_HUBE_'(id:3) from servergroup 'PLAYER'(id:10)
2022-07-16 18:28:23.640536|INFO    |VirtualServer |1  |permission 'b_client_ignore_bans'(id:183) was deleted by '_HUBE_'(id:3) from servergroup 'PLAYER'(id:10)
2022-07-16 18:28:23.640536|INFO    |VirtualServer |1  |permission 'i_needed_modify_power_client_set_flag_talker'(id:32993) was deleted by '_HUBE_'(id:3) from servergroup 'PLAYER'(id:10)
2022-07-16 18:28:23.641534|INFO    |VirtualServer |1  |permission 'b_client_use_reserved_slot'(id:185) was deleted by '_HUBE_'(id:3) from servergroup 'PLAYER'(id:10)
2022-07-16 18:28:23.641534|INFO    |VirtualServer |1  |permission 'i_needed_modify_power_client_modify_own_description'(id:32997) was deleted by '_HUBE_'(id:3) from servergroup 'PLAYER'(id:10)
2022-07-16 18:28:23.642531|INFO    |VirtualServer |1  |permission 'i_needed_modify_power_client_modify_description'(id:32996) was deleted by '_HUBE_'(id:3) from servergroup 'PLAYER'(id:10)
2022-07-16 18:28:23.642531|INFO    |VirtualServer |1  |permission 'b_virtualserver_channelclient_permission_list'(id:161) was deleted by '_HUBE_'(id:3) from servergroup 'PLAYER'(id:10)
2022-07-16 18:28:23.642531|INFO    |VirtualServer |1  |permission 'b_virtualserver_channel_permission_list'(id:160) was deleted by '_HUBE_'(id:3) from servergroup 'PLAYER'(id:10)
2022-07-16 18:28:23.643533|INFO    |VirtualServer |1  |permission 'b_virtualserver_channelgroup_create'(id:163) was deleted by '_HUBE_'(id:3) from servergroup 'PLAYER'(id:10)
2022-07-16 18:28:23.644528|INFO    |VirtualServer |1  |permission 'b_virtualserver_servergroup_create'(id:162) was deleted by '_HUBE_'(id:3) from servergroup 'PLAYER'(id:10)
2022-07-16 18:28:23.644528|INFO    |VirtualServer |1  |permission 'i_group_member_add_power'(id:166) was deleted by '_HUBE_'(id:3) from servergroup 'PLAYER'(id:10)
2022-07-16 18:28:23.644528|INFO    |VirtualServer |1  |permission 'i_group_member_remove_power'(id:168) was deleted by '_HUBE_'(id:3) from servergroup 'PLAYER'(id:10)
2022-07-16 18:28:23.645525|INFO    |VirtualServer |1  |permission 'i_needed_modify_power_icon_manage'(id:32915) was deleted by '_HUBE_'(id:3) from servergroup 'PLAYER'(id:10)
2022-07-16 18:28:23.645525|INFO    |VirtualServer |1  |permission 'i_needed_modify_power_max_icon_filesize'(id:32914) was deleted by '_HUBE_'(id:3) from servergroup 'PLAYER'(id:10)
2022-07-16 18:28:23.646521|INFO    |VirtualServer |1  |permission 'b_virtualserver_channelgroup_delete'(id:173) was deleted by '_HUBE_'(id:3) from servergroup 'PLAYER'(id:10)
2022-07-16 18:28:23.646521|INFO    |VirtualServer |1  |permission 'b_virtualserver_servergroup_delete'(id:172) was deleted by '_HUBE_'(id:3) from servergroup 'PLAYER'(id:10)
2022-07-16 18:28:23.646521|INFO    |VirtualServer |1  |permission 'b_virtualserver_modify_nickname'(id:80) was deleted by '_HUBE_'(id:3) from servergroup 'PLAYER'(id:10)
2022-07-16 18:28:23.647518|INFO    |VirtualServer |1  |permission 'i_needed_modify_power_virtualserver_servergroup_client_list'(id:32923) was deleted by '_HUBE_'(id:3) from servergroup 'PLAYER'(id:10)
2022-07-16 18:28:23.647518|INFO    |VirtualServer |1  |permission 'i_channel_max_depth'(id:83) was deleted by '_HUBE_'(id:3) from servergroup 'PLAYER'(id:10)
2022-07-16 18:28:23.648515|INFO    |VirtualServer |1  |permission 'i_needed_modify_power_virtualserver_servergroup_permission_list'(id:32922) was deleted by '_HUBE_'(id:3) from servergroup 'PLAYER'(id:10)
2022-07-16 18:28:23.648515|INFO    |VirtualServer |1  |permission 'i_needed_modify_power_virtualserver_channelgroup_permission_list'(id:32925) was deleted by '_HUBE_'(id:3) from servergroup 'PLAYER'(id:10)
2022-07-16 18:28:23.648515|INFO    |VirtualServer |1  |permission 'i_needed_modify_power_virtualserver_client_permission_list'(id:32927) was deleted by '_HUBE_'(id:3) from servergroup 'PLAYER'(id:10)
2022-07-16 18:28:23.649513|INFO    |VirtualServer |1  |permission 'i_needed_modify_power_virtualserver_channelgroup_client_list'(id:32926) was deleted by '_HUBE_'(id:3) from servergroup 'PLAYER'(id:10)
2022-07-16 18:28:23.649513|INFO    |VirtualServer |1  |permission 'i_needed_modify_power_channel_delete_semi_permanent'(id:32897) was deleted by '_HUBE_'(id:3) from servergroup 'PLAYER'(id:10)
2022-07-16 18:28:23.649513|INFO    |VirtualServer |1  |permission 'b_channel_create_permanent'(id:89) was deleted by '_HUBE_'(id:3) from servergroup 'PLAYER'(id:10)
2022-07-16 18:28:23.650510|INFO    |VirtualServer |1  |permission 'i_needed_modify_power_channel_delete_permanent'(id:32896) was deleted by '_HUBE_'(id:3) from servergroup 'PLAYER'(id:10)
2022-07-16 18:28:23.650510|INFO    |VirtualServer |1  |permission 'b_channel_create_child'(id:88) was deleted by '_HUBE_'(id:3) from servergroup 'PLAYER'(id:10)
2022-07-16 18:28:23.651539|INFO    |VirtualServer |1  |permission 'i_needed_modify_power_channel_delete_flag_force'(id:32899) was deleted by '_HUBE_'(id:3) from servergroup 'PLAYER'(id:10)
2022-07-16 18:28:23.651539|INFO    |VirtualServer |1  |permission 'b_channel_create_temporary'(id:91) was deleted by '_HUBE_'(id:3) from servergroup 'PLAYER'(id:10)
2022-07-16 18:28:23.651539|INFO    |VirtualServer |1  |permission 'i_needed_modify_power_channel_delete_temporary'(id:32898) was deleted by '_HUBE_'(id:3) from servergroup 'PLAYER'(id:10)
2022-07-16 18:28:23.652536|INFO    |VirtualServer |1  |permission 'b_channel_create_semi_permanent'(id:90) was deleted by '_HUBE_'(id:3) from servergroup 'PLAYER'(id:10)
2022-07-16 18:28:23.652536|INFO    |VirtualServer |1  |permission 'b_channel_create_with_description'(id:93) was deleted by '_HUBE_'(id:3) from servergroup 'PLAYER'(id:10)
2022-07-16 18:28:23.652536|INFO    |VirtualServer |1  |permission 'i_needed_modify_power_channel_delete_power'(id:32900) was deleted by '_HUBE_'(id:3) from servergroup 'PLAYER'(id:10)
2022-07-16 18:28:23.653534|INFO    |VirtualServer |1  |permission 'b_channel_create_with_topic'(id:92) was deleted by '_HUBE_'(id:3) from servergroup 'PLAYER'(id:10)
2022-07-16 18:28:23.653534|INFO    |VirtualServer |1  |permission 'b_channel_create_with_password'(id:94) was deleted by '_HUBE_'(id:3) from servergroup 'PLAYER'(id:10)
2022-07-16 18:28:23.654530|INFO    |VirtualServer |1  |permission 'b_virtualserver_modify_weblist'(id:75) was deleted by '_HUBE_'(id:3) from servergroup 'PLAYER'(id:10)
2022-07-16 18:28:23.654530|INFO    |VirtualServer |1  |permission 'b_virtualserver_modify_icon_id'(id:74) was deleted by '_HUBE_'(id:3) from servergroup 'PLAYER'(id:10)
2022-07-16 18:28:23.654530|INFO    |VirtualServer |1  |permission 'b_virtualserver_modify_codec_encryption_mode'(id:76) was deleted by '_HUBE_'(id:3) from servergroup 'PLAYER'(id:10)
2022-07-16 18:28:23.655497|INFO    |VirtualServer |1  |permission 'i_needed_modify_power_client_ignore_bans'(id:32951) was deleted by '_HUBE_'(id:3) from servergroup 'PLAYER'(id:10)
2022-07-16 18:28:23.655497|INFO    |VirtualServer |1  |permission 'i_needed_modify_power_client_use_reserved_slot'(id:32953) was deleted by '_HUBE_'(id:3) from servergroup 'PLAYER'(id:10)
2022-07-16 18:28:23.655497|INFO    |VirtualServer |1  |permission 'b_channel_modify_topic'(id:113) was deleted by '_HUBE_'(id:3) from servergroup 'PLAYER'(id:10)
2022-07-16 18:28:23.656528|INFO    |VirtualServer |1  |permission 'b_channel_modify_name'(id:112) was deleted by '_HUBE_'(id:3) from servergroup 'PLAYER'(id:10)
2022-07-16 18:28:23.656528|INFO    |VirtualServer |1  |permission 'b_channel_modify_password'(id:115) was deleted by '_HUBE_'(id:3) from servergroup 'PLAYER'(id:10)
2022-07-16 18:28:23.656528|INFO    |VirtualServer |1  |permission 'b_channel_modify_description'(id:114) was deleted by '_HUBE_'(id:3) from servergroup 'PLAYER'(id:10)
2022-07-16 18:28:23.657522|INFO    |VirtualServer |1  |permission 'b_channel_modify_codec'(id:117) was deleted by '_HUBE_'(id:3) from servergroup 'PLAYER'(id:10)
2022-07-16 18:28:23.657522|INFO    |VirtualServer |1  |permission 'b_channel_modify_codec_latency_factor'(id:119) was deleted by '_HUBE_'(id:3) from servergroup 'PLAYER'(id:10)
2022-07-16 18:28:23.657522|INFO    |VirtualServer |1  |permission 'b_channel_modify_codec_quality'(id:118) was deleted by '_HUBE_'(id:3) from servergroup 'PLAYER'(id:10)
2022-07-16 18:28:23.658523|INFO    |VirtualServer |1  |permission 'i_needed_modify_power_virtualserver_channelclient_permission_list'(id:32929) was deleted by '_HUBE_'(id:3) from servergroup 'PLAYER'(id:10)
2022-07-16 18:28:23.659492|INFO    |VirtualServer |1  |permission 'b_channel_modify_maxfamilyclients'(id:121) was deleted by '_HUBE_'(id:3) from servergroup 'PLAYER'(id:10)
2022-07-16 18:28:23.659492|INFO    |VirtualServer |1  |permission 'i_needed_modify_power_virtualserver_channel_permission_list'(id:32928) was deleted by '_HUBE_'(id:3) from servergroup 'PLAYER'(id:10)
2022-07-16 18:28:23.660485|INFO    |VirtualServer |1  |permission 'b_channel_modify_maxclients'(id:120) was deleted by '_HUBE_'(id:3) from servergroup 'PLAYER'(id:10)
2022-07-16 18:28:23.660485|INFO    |VirtualServer |1  |permission 'i_needed_modify_power_virtualserver_channelgroup_create'(id:32931) was deleted by '_HUBE_'(id:3) from servergroup 'PLAYER'(id:10)
2022-07-16 18:28:23.661515|INFO    |VirtualServer |1  |permission 'b_channel_modify_needed_talk_power'(id:123) was deleted by '_HUBE_'(id:3) from servergroup 'PLAYER'(id:10)
2022-07-16 18:28:23.661515|INFO    |VirtualServer |1  |permission 'i_needed_modify_power_virtualserver_servergroup_create'(id:32930) was deleted by '_HUBE_'(id:3) from servergroup 'PLAYER'(id:10)
2022-07-16 18:28:23.662479|INFO    |VirtualServer |1  |permission 'b_channel_modify_sortorder'(id:122) was deleted by '_HUBE_'(id:3) from servergroup 'PLAYER'(id:10)
2022-07-16 18:28:23.662479|INFO    |VirtualServer |1  |permission 'i_needed_modify_power_group_member_add_power'(id:32934) was deleted by '_HUBE_'(id:3) from servergroup 'PLAYER'(id:10)
2022-07-16 18:28:23.662479|INFO    |VirtualServer |1  |permission 'b_channel_modify_make_codec_encrypted'(id:126) was deleted by '_HUBE_'(id:3) from servergroup 'PLAYER'(id:10)
2022-07-16 18:28:23.663512|INFO    |VirtualServer |1  |permission 'b_channel_create_modify_with_codec_opusmusic'(id:97) was deleted by '_HUBE_'(id:3) from servergroup 'PLAYER'(id:10)
2022-07-16 18:28:23.663512|INFO    |VirtualServer |1  |permission 'i_needed_modify_power_group_member_remove_power'(id:32936) was deleted by '_HUBE_'(id:3) from servergroup 'PLAYER'(id:10)
2022-07-16 18:28:23.663512|INFO    |VirtualServer |1  |permission 'b_channel_create_modify_with_codec_opusvoice'(id:96) was deleted by '_HUBE_'(id:3) from servergroup 'PLAYER'(id:10)
2022-07-16 18:28:23.664504|INFO    |VirtualServer |1  |permission 'i_channel_create_modify_with_codec_latency_factor_min'(id:99) was deleted by '_HUBE_'(id:3) from servergroup 'PLAYER'(id:10)
2022-07-16 18:28:23.664504|INFO    |VirtualServer |1  |permission 'i_channel_create_modify_with_codec_maxquality'(id:98) was deleted by '_HUBE_'(id:3) from servergroup 'PLAYER'(id:10)
2022-07-16 18:28:23.664504|INFO    |VirtualServer |1  |permission 'i_needed_modify_power_virtualserver_channelgroup_delete'(id:32941) was deleted by '_HUBE_'(id:3) from servergroup 'PLAYER'(id:10)
2022-07-16 18:28:23.665470|INFO    |VirtualServer |1  |permission 'b_channel_create_with_maxfamilyclients'(id:101) was deleted by '_HUBE_'(id:3) from servergroup 'PLAYER'(id:10)
2022-07-16 18:28:23.665470|INFO    |VirtualServer |1  |permission 'i_needed_modify_power_virtualserver_servergroup_delete'(id:32940) was deleted by '_HUBE_'(id:3) from servergroup 'PLAYER'(id:10)
2022-07-16 18:28:23.665470|INFO    |VirtualServer |1  |permission 'b_channel_create_with_maxclients'(id:100) was deleted by '_HUBE_'(id:3) from servergroup 'PLAYER'(id:10)
2022-07-16 18:28:23.666468|INFO    |VirtualServer |1  |permission 'b_channel_create_with_default'(id:103) was deleted by '_HUBE_'(id:3) from servergroup 'PLAYER'(id:10)
2022-07-16 18:28:23.666468|INFO    |VirtualServer |1  |permission 'b_channel_create_with_sortorder'(id:102) was deleted by '_HUBE_'(id:3) from servergroup 'PLAYER'(id:10)
2022-07-16 18:28:23.667496|INFO    |VirtualServer |1  |permission 'i_needed_modify_power_virtualserver_modify_nickname'(id:32848) was deleted by '_HUBE_'(id:3) from servergroup 'PLAYER'(id:10)
2022-07-16 18:28:23.667496|INFO    |VirtualServer |1  |permission 'b_channel_create_with_needed_talk_power'(id:104) was deleted by '_HUBE_'(id:3) from servergroup 'PLAYER'(id:10)
2022-07-16 18:28:23.667496|INFO    |VirtualServer |1  |permission 'i_needed_modify_power_channel_max_depth'(id:32851) was deleted by '_HUBE_'(id:3) from servergroup 'PLAYER'(id:10)
2022-07-16 18:28:23.668494|INFO    |VirtualServer |1  |permission 'b_channel_modify_parent'(id:107) was deleted by '_HUBE_'(id:3) from servergroup 'PLAYER'(id:10)
2022-07-16 18:28:23.668494|INFO    |VirtualServer |1  |permission 'b_channel_modify_make_permanent'(id:109) was deleted by '_HUBE_'(id:3) from servergroup 'PLAYER'(id:10)
2022-07-16 18:28:23.668494|INFO    |VirtualServer |1  |permission 'b_channel_modify_make_default'(id:108) was deleted by '_HUBE_'(id:3) from servergroup 'PLAYER'(id:10)
2022-07-16 18:28:23.669459|INFO    |VirtualServer |1  |permission 'b_channel_modify_make_temporary'(id:111) was deleted by '_HUBE_'(id:3) from servergroup 'PLAYER'(id:10)
2022-07-16 18:28:23.669459|INFO    |VirtualServer |1  |permission 'b_channel_modify_make_semi_permanent'(id:110) was deleted by '_HUBE_'(id:3) from servergroup 'PLAYER'(id:10)
2022-07-16 18:28:23.669459|INFO    |VirtualServer |1  |permission 'i_needed_modify_power_channel_create_permanent'(id:32857) was deleted by '_HUBE_'(id:3) from servergroup 'PLAYER'(id:10)
2022-07-16 18:28:23.670456|INFO    |VirtualServer |1  |permission 'i_needed_modify_power_channel_create_child'(id:32856) was deleted by '_HUBE_'(id:3) from servergroup 'PLAYER'(id:10)
2022-07-16 18:28:23.670456|INFO    |VirtualServer |1  |permission 'i_needed_modify_power_channel_create_temporary'(id:32859) was deleted by '_HUBE_'(id:3) from servergroup 'PLAYER'(id:10)
2022-07-16 18:28:23.670456|INFO    |VirtualServer |1  |permission 'i_needed_modify_power_channel_create_semi_permanent'(id:32858) was deleted by '_HUBE_'(id:3) from servergroup 'PLAYER'(id:10)
2022-07-16 18:28:23.671486|INFO    |VirtualServer |1  |permission 'i_needed_modify_power_channel_create_with_description'(id:32861) was deleted by '_HUBE_'(id:3) from servergroup 'PLAYER'(id:10)
2022-07-16 18:28:23.671486|INFO    |VirtualServer |1  |permission 'i_needed_modify_power_channel_create_with_topic'(id:32860) was deleted by '_HUBE_'(id:3) from servergroup 'PLAYER'(id:10)
2022-07-16 18:28:23.672451|INFO    |VirtualServer |1  |permission 'i_needed_modify_power_channel_create_with_password'(id:32862) was deleted by '_HUBE_'(id:3) from servergroup 'PLAYER'(id:10)
2022-07-16 18:28:23.672451|INFO    |VirtualServer |1  |permission 'b_virtualserver_client_dblist'(id:31) was deleted by '_HUBE_'(id:3) from servergroup 'PLAYER'(id:10)
2022-07-16 18:28:23.672451|INFO    |VirtualServer |1  |permission 'i_needed_modify_power_virtualserver_modify_weblist'(id:32843) was deleted by '_HUBE_'(id:3) from servergroup 'PLAYER'(id:10)
2022-07-16 18:28:23.673448|INFO    |VirtualServer |1  |permission 'i_needed_modify_power_virtualserver_modify_icon_id'(id:32842) was deleted by '_HUBE_'(id:3) from servergroup 'PLAYER'(id:10)
2022-07-16 18:28:23.673448|INFO    |VirtualServer |1  |permission 'i_needed_modify_power_virtualserver_modify_codec_encryption_mode'(id:32844) was deleted by '_HUBE_'(id:3) from servergroup 'PLAYER'(id:10)
2022-07-16 18:28:23.673448|INFO    |VirtualServer |1  |permission 'i_needed_modify_power_channel_modify_topic'(id:32881) was deleted by '_HUBE_'(id:3) from servergroup 'PLAYER'(id:10)
2022-07-16 18:28:23.674447|INFO    |VirtualServer |1  |permission 'i_needed_modify_power_channel_modify_name'(id:32880) was deleted by '_HUBE_'(id:3) from servergroup 'PLAYER'(id:10)
2022-07-16 18:28:23.674447|INFO    |VirtualServer |1  |permission 'i_needed_modify_power_channel_modify_password'(id:32883) was deleted by '_HUBE_'(id:3) from servergroup 'PLAYER'(id:10)
2022-07-16 18:28:23.675444|INFO    |VirtualServer |1  |permission 'i_needed_modify_power_channel_modify_description'(id:32882) was deleted by '_HUBE_'(id:3) from servergroup 'PLAYER'(id:10)
2022-07-16 18:28:23.675444|INFO    |VirtualServer |1  |permission 'i_needed_modify_power_channel_modify_codec'(id:32885) was deleted by '_HUBE_'(id:3) from servergroup 'PLAYER'(id:10)
2022-07-16 18:28:23.675444|INFO    |VirtualServer |1  |permission 'i_needed_modify_power_channel_modify_codec_latency_factor'(id:32887) was deleted by '_HUBE_'(id:3) from servergroup 'PLAYER'(id:10)
2022-07-16 18:28:23.676441|INFO    |VirtualServer |1  |permission 'i_needed_modify_power_channel_modify_codec_quality'(id:32886) was deleted by '_HUBE_'(id:3) from servergroup 'PLAYER'(id:10)
2022-07-16 18:28:23.676441|INFO    |VirtualServer |1  |permission 'i_needed_modify_power_channel_modify_maxfamilyclients'(id:32889) was deleted by '_HUBE_'(id:3) from servergroup 'PLAYER'(id:10)
2022-07-16 18:28:23.676441|INFO    |VirtualServer |1  |permission 'i_needed_modify_power_channel_modify_maxclients'(id:32888) was deleted by '_HUBE_'(id:3) from servergroup 'PLAYER'(id:10)
2022-07-16 18:28:23.677470|INFO    |VirtualServer |1  |permission 'i_needed_modify_power_channel_modify_needed_talk_power'(id:32891) was deleted by '_HUBE_'(id:3) from servergroup 'PLAYER'(id:10)
2022-07-16 18:28:23.677470|INFO    |VirtualServer |1  |permission 'i_needed_modify_power_channel_modify_sortorder'(id:32890) was deleted by '_HUBE_'(id:3) from servergroup 'PLAYER'(id:10)
2022-07-16 18:28:23.677470|INFO    |VirtualServer |1  |permission 'b_virtualserver_modify_welcomemessage'(id:53) was deleted by '_HUBE_'(id:3) from servergroup 'PLAYER'(id:10)
2022-07-16 18:28:23.678467|INFO    |VirtualServer |1  |permission 'b_virtualserver_modify_name'(id:52) was deleted by '_HUBE_'(id:3) from servergroup 'PLAYER'(id:10)
2022-07-16 18:28:23.678467|INFO    |VirtualServer |1  |permission 'i_needed_modify_power_channel_modify_make_codec_encrypted'(id:32894) was deleted by '_HUBE_'(id:3) from servergroup 'PLAYER'(id:10)
2022-07-16 18:28:23.678467|INFO    |VirtualServer |1  |permission 'i_needed_modify_power_channel_create_modify_with_codec_opusmusic'(id:32865) was deleted by '_HUBE_'(id:3) from servergroup 'PLAYER'(id:10)
2022-07-16 18:28:23.679433|INFO    |VirtualServer |1  |permission 'i_needed_modify_power_channel_create_modify_with_codec_opusvoice'(id:32864) was deleted by '_HUBE_'(id:3) from servergroup 'PLAYER'(id:10)
2022-07-16 18:28:23.679433|INFO    |VirtualServer |1  |permission 'i_needed_modify_power_channel_create_modify_with_codec_latency_factor_min'(id:32867) was deleted by '_HUBE_'(id:3) from servergroup 'PLAYER'(id:10)
2022-07-16 18:28:23.679433|INFO    |VirtualServer |1  |permission 'b_virtualserver_modify_password'(id:56) was deleted by '_HUBE_'(id:3) from servergroup 'PLAYER'(id:10)
2022-07-16 18:28:23.680430|INFO    |VirtualServer |1  |permission 'i_needed_modify_power_channel_create_modify_with_codec_maxquality'(id:32866) was deleted by '_HUBE_'(id:3) from servergroup 'PLAYER'(id:10)
2022-07-16 18:28:23.680430|INFO    |VirtualServer |1  |permission 'i_needed_modify_power_channel_create_with_maxfamilyclients'(id:32869) was deleted by '_HUBE_'(id:3) from servergroup 'PLAYER'(id:10)
2022-07-16 18:28:23.680430|INFO    |VirtualServer |1  |permission 'i_needed_modify_power_channel_create_with_maxclients'(id:32868) was deleted by '_HUBE_'(id:3) from servergroup 'PLAYER'(id:10)
2022-07-16 18:28:23.681458|INFO    |VirtualServer |1  |permission 'i_needed_modify_power_channel_create_with_default'(id:32871) was deleted by '_HUBE_'(id:3) from servergroup 'PLAYER'(id:10)
2022-07-16 18:28:23.681458|INFO    |VirtualServer |1  |permission 'i_needed_modify_power_channel_create_with_sortorder'(id:32870) was deleted by '_HUBE_'(id:3) from servergroup 'PLAYER'(id:10)
2022-07-16 18:28:23.681458|INFO    |VirtualServer |1  |permission 'i_needed_modify_power_channel_create_with_needed_talk_power'(id:32872) was deleted by '_HUBE_'(id:3) from servergroup 'PLAYER'(id:10)
2022-07-16 18:28:23.682458|INFO    |VirtualServer |1  |permission 'i_needed_modify_power_channel_modify_parent'(id:32875) was deleted by '_HUBE_'(id:3) from servergroup 'PLAYER'(id:10)
2022-07-16 18:28:23.682458|INFO    |VirtualServer |1  |permission 'i_needed_modify_power_channel_modify_make_permanent'(id:32877) was deleted by '_HUBE_'(id:3) from servergroup 'PLAYER'(id:10)
2022-07-16 18:28:23.682458|INFO    |VirtualServer |1  |permission 'i_needed_modify_power_channel_modify_make_default'(id:32876) was deleted by '_HUBE_'(id:3) from servergroup 'PLAYER'(id:10)
2022-07-16 18:28:23.683453|INFO    |VirtualServer |1  |permission 'i_needed_modify_power_channel_modify_make_temporary'(id:32879) was deleted by '_HUBE_'(id:3) from servergroup 'PLAYER'(id:10)
2022-07-16 18:28:23.683453|INFO    |VirtualServer |1  |permission 'i_needed_modify_power_channel_modify_make_semi_permanent'(id:32878) was deleted by '_HUBE_'(id:3) from servergroup 'PLAYER'(id:10)
2022-07-16 18:28:23.683453|INFO    |VirtualServer |1  |permission 'b_virtualserver_token_add'(id:39) was deleted by '_HUBE_'(id:3) from servergroup 'PLAYER'(id:10)
2022-07-16 18:28:23.684455|INFO    |VirtualServer |1  |permission 'b_virtualserver_token_list'(id:38) was deleted by '_HUBE_'(id:3) from servergroup 'PLAYER'(id:10)
2022-07-16 18:28:23.684455|INFO    |VirtualServer |1  |permission 'b_virtualserver_token_delete'(id:41) was deleted by '_HUBE_'(id:3) from servergroup 'PLAYER'(id:10)
2022-07-16 18:28:23.684455|INFO    |VirtualServer |1  |permission 'b_virtualserver_log_view'(id:44) was deleted by '_HUBE_'(id:3) from servergroup 'PLAYER'(id:10)
2022-07-16 18:28:23.685417|INFO    |VirtualServer |1  |permission 'b_virtualserver_join_ignore_password'(id:46) was deleted by '_HUBE_'(id:3) from servergroup 'PLAYER'(id:10)
2022-07-16 18:28:23.685417|INFO    |VirtualServer |1  |permission 'i_needed_modify_power_virtualserver_client_dblist'(id:32799) was deleted by '_HUBE_'(id:3) from servergroup 'PLAYER'(id:10)
2022-07-16 18:28:23.685417|INFO    |VirtualServer |1  |permission 'i_needed_modify_power_virtualserver_modify_welcomemessage'(id:32821) was deleted by '_HUBE_'(id:3) from servergroup 'PLAYER'(id:10)
2022-07-16 18:28:23.686445|INFO    |VirtualServer |1  |permission 'i_needed_modify_power_virtualserver_modify_name'(id:32820) was deleted by '_HUBE_'(id:3) from servergroup 'PLAYER'(id:10)
2022-07-16 18:28:23.686445|INFO    |VirtualServer |1  |permission 'i_needed_modify_power_virtualserver_modify_password'(id:32824) was deleted by '_HUBE_'(id:3) from servergroup 'PLAYER'(id:10)
2022-07-16 18:28:23.686445|INFO    |VirtualServer |1  |permission 'i_needed_modify_power_virtualserver_token_add'(id:32807) was deleted by '_HUBE_'(id:3) from servergroup 'PLAYER'(id:10)
2022-07-16 18:28:23.687442|INFO    |VirtualServer |1  |permission 'i_needed_modify_power_virtualserver_token_list'(id:32806) was deleted by '_HUBE_'(id:3) from servergroup 'PLAYER'(id:10)
2022-07-16 18:28:23.687442|INFO    |VirtualServer |1  |permission 'i_needed_modify_power_virtualserver_token_delete'(id:32809) was deleted by '_HUBE_'(id:3) from servergroup 'PLAYER'(id:10)
2022-07-16 18:28:23.687442|INFO    |VirtualServer |1  |permission 'i_needed_modify_power_virtualserver_log_view'(id:32812) was deleted by '_HUBE_'(id:3) from servergroup 'PLAYER'(id:10)
2022-07-16 18:28:23.688440|INFO    |VirtualServer |1  |permission 'i_needed_modify_power_virtualserver_join_ignore_password'(id:32814) was deleted by '_HUBE_'(id:3) from servergroup 'PLAYER'(id:10)
2022-07-16 18:31:30.847585|INFO    |VirtualServer |1  |permission 'i_icon_id'(id:145) with values (value:1641589242, negated:0, skipchannel:0) was added by '_HUBE_'(id:3) to servergroup 'PLAYER'(id:10)
2022-07-16 18:31:49.890697|INFO    |VirtualServer |1  |client '_HUBE_'(id:3) was added to servergroup 'PLAYER'(id:10) by client '_HUBE_'(id:3)
2022-07-16 18:33:06.388121|INFO    |VirtualServer |1  |client '_HUBE_'(id:3) was removed from servergroup 'PLAYER'(id:10) by client '_HUBE_'(id:3)
2022-07-16 18:33:44.778150|INFO    |VirtualServer |1  |permission 'i_channel_needed_join_power'(id:140) with values (value:75) was added by '_HUBE_'(id:3) to channel '[cspacer0]   MC  '(id:5)
2022-07-16 18:36:55.051046|INFO    |VirtualServer |1  |permission 'i_channel_needed_join_power'(id:140) with values (value:75) was added by '_HUBE_'(id:3) to channel '[cspacer0]   WAITING ROOM  '(id:4)
2022-07-16 18:38:47.563786|INFO    |VirtualServer |1  |client '_HUBE_'(id:3) added privilege key for servergroup 'Main Server Admin'(id:6)
2022-07-16 18:39:04.882951|INFO    |VirtualServer |1  |client '_HUBE_'(id:3) was removed from servergroup 'Main Server Admin'(id:6) by client '_HUBE_'(id:3)
2022-07-16 18:39:16.272894|INFO    |VirtualServer |1  |client '_HUBE_'(id:3) was added to servergroup 'Main Server Admin'(id:6) by client 'server'(id:0)
2022-07-16 18:39:16.273891|INFO    |VirtualServer |1  |client '_HUBE_'(id:3) used privilege key 'ighwWmUxhT4IfgzHBtnJiQsFBI2DR72ztdZCgVEK' and was added to servergroup 'Main Server Admin'(id:6)
2022-07-16 18:39:21.650724|INFO    |VirtualServer |1  |client '_HUBE_'(id:3) was added to servergroup 'PLAYER'(id:10) by client '_HUBE_'(id:3)
2022-07-16 18:39:33.800537|INFO    |VirtualServer |1  |client '_HUBE_'(id:3) added privilege key for servergroup 'Main Server Admin'(id:6)
2022-07-16 18:39:44.236847|INFO    |VirtualServer |1  |client '_HUBE_'(id:3) was removed from servergroup 'Main Server Admin'(id:6) by client '_HUBE_'(id:3)
2022-07-16 18:39:59.299580|INFO    |VirtualServer |1  |client '_HUBE_'(id:3) was added to servergroup 'Main Server Admin'(id:6) by client 'server'(id:0)
2022-07-16 18:39:59.299580|INFO    |VirtualServer |1  |client '_HUBE_'(id:3) used privilege key 'osqS+lbZBbTTkMDLlZk7MP42IlLbf76sCkDr5bxL' and was added to servergroup 'Main Server Admin'(id:6)
2022-07-16 18:40:46.337709|INFO    |VirtualServer |1  |permission 'i_needed_modify_power_channel_join_permanent'(id:32902) with values (value:50, negated:0, skipchannel:0) was added by '_HUBE_'(id:3) to servergroup 'PLAYER'(id:10)
2022-07-16 18:40:50.030279|INFO    |VirtualServer |1  |permission 'i_needed_modify_power_channel_join_semi_permanent'(id:32903) with values (value:50, negated:0, skipchannel:0) was added by '_HUBE_'(id:3) to servergroup 'PLAYER'(id:10)
2022-07-16 18:40:52.715110|INFO    |VirtualServer |1  |permission 'i_needed_modify_power_channel_join_temporary'(id:32904) with values (value:50, negated:0, skipchannel:0) was added by '_HUBE_'(id:3) to servergroup 'PLAYER'(id:10)
2022-07-16 18:40:58.175215|INFO    |VirtualServer |1  |permission 'i_needed_modify_power_channel_join_ignore_password'(id:32905) with values (value:50, negated:0, skipchannel:0) was added by '_HUBE_'(id:3) to servergroup 'PLAYER'(id:10)
2022-07-16 18:40:59.925242|INFO    |VirtualServer |1  |permission 'i_needed_modify_power_channel_join_ignore_maxclients'(id:32906) with values (value:50, negated:0, skipchannel:0) was added by '_HUBE_'(id:3) to servergroup 'PLAYER'(id:10)
2022-07-16 18:41:17.762716|INFO    |VirtualServer |1  |client '_HUBE_'(id:3) added privilege key for servergroup 'Main Server Admin'(id:6)
2022-07-16 18:41:34.542020|INFO    |VirtualServer |1  |client '_HUBE_'(id:3) was removed from servergroup 'Main Server Admin'(id:6) by client '_HUBE_'(id:3)
2022-07-16 18:41:58.692574|INFO    |VirtualServer |1  |client '_HUBE_'(id:3) was added to servergroup 'Main Server Admin'(id:6) by client 'server'(id:0)
2022-07-16 18:41:58.693572|INFO    |VirtualServer |1  |client '_HUBE_'(id:3) used privilege key 'f3l4Nxu1ywo7O12pjGkzT2AN2t9sMpsVmUmWzSYV' and was added to servergroup 'Main Server Admin'(id:6)
